#
# There is insufficient memory for the Java Runtime Environment to continue.
# Native memory allocation (malloc) failed to allocate 274400 bytes for Chunk::new
# Possible reasons:
#   The system is out of physical RAM or swap space
#   The process is running with CompressedOops enabled, and the Java Heap may be blocking the growth of the native heap
# Possible solutions:
#   Reduce memory load on the system
#   Increase physical memory or swap space
#   Check if swap backing store is full
#   Decrease Java heap size (-Xmx/-Xms)
#   Decrease number of Java threads
#   Decrease Java thread stack sizes (-Xss)
#   Set larger code cache with -XX:ReservedCodeCacheSize=
#   JVM is running with Unscaled Compressed Oops mode in which the Java heap is
#     placed in the first 4GB address space. The Java Heap base address is the
#     maximum limit for the native heap growth. Please use -XX:HeapBaseMinAddress
#     to set the Java Heap base and to place the Java Heap above 4GB virtual address.
# This output file may be truncated or incomplete.
#
#  Out of Memory Error (arena.cpp:168), pid=24068, tid=24036
#
# JRE version: Java(TM) SE Runtime Environment (21.0.1+12) (build 21.0.1+12-LTS-29)
# Java VM: Java HotSpot(TM) 64-Bit Server VM (21.0.1+12-LTS-29, mixed mode, sharing, tiered, compressed oops, compressed class ptrs, g1 gc, windows-amd64)
# No core dump will be written. Minidumps are not enabled by default on client versions of Windows
#

---------------  S U M M A R Y ------------

Command Line: -XX:MaxMetaspaceSize=512m --add-opens=java.base/java.util=ALL-UNNAMED --add-opens=java.base/java.lang=ALL-UNNAMED --add-opens=java.base/java.lang.invoke=ALL-UNNAMED --add-opens=java.prefs/java.util.prefs=ALL-UNNAMED --add-opens=java.base/java.nio.charset=ALL-UNNAMED --add-opens=java.base/java.net=ALL-UNNAMED --add-opens=java.base/java.util.concurrent.atomic=ALL-UNNAMED -Xmx2048m -Dfile.encoding=UTF-8 -Duser.country=US -Duser.language=en -Duser.variant -javaagent:C:\Users\yashv\.gradle\wrapper\dists\gradle-8.3-all\6en3ugtfdg5xnpx44z4qbwgas\gradle-8.3\lib\agents\gradle-instrumentation-agent-8.3.jar org.gradle.launcher.daemon.bootstrap.GradleDaemon 8.3

Host: 11th Gen Intel(R) Core(TM) i5-11260H @ 2.60GHz, 12 cores, 7G,  Windows 11 , 64 bit Build 22621 (10.0.22621.3085)
Time: Fri Mar  8 13:35:27 2024 India Standard Time elapsed time: 21.443047 seconds (0d 0h 0m 21s)

---------------  T H R E A D  ---------------

Current thread (0x0000026d653a9ec0):  JavaThread "C2 CompilerThread0" daemon [_thread_in_native, id=24036, stack(0x000000fa50100000,0x000000fa50200000) (1024K)]


Current CompileTask:
C2:  21443 11089       4       org.objectweb.asm.MethodWriter::visitLabel (328 bytes)

Stack: [0x000000fa50100000,0x000000fa50200000]
Native frames: (J=compiled Java code, j=interpreted, Vv=VM code, C=native code)
V  [jvm.dll+0x6c9029]
V  [jvm.dll+0x854b81]
V  [jvm.dll+0x856e5e]
V  [jvm.dll+0x857543]
V  [jvm.dll+0x280c06]
V  [jvm.dll+0xc3ead]
V  [jvm.dll+0xc43c3]
V  [jvm.dll+0x3b576c]
V  [jvm.dll+0x382475]
V  [jvm.dll+0x3818ea]
V  [jvm.dll+0x249ad0]
V  [jvm.dll+0x2490b1]
V  [jvm.dll+0x1c9ca1]
V  [jvm.dll+0x2586b9]
V  [jvm.dll+0x256c9a]
V  [jvm.dll+0x3ef1b6]
V  [jvm.dll+0x7fd728]
V  [jvm.dll+0x6c777d]
C  [ucrtbase.dll+0x29363]
C  [KERNEL32.DLL+0x1257d]
C  [ntdll.dll+0x5aa58]


---------------  P R O C E S S  ---------------

Threads class SMR info:
_java_thread_list=0x0000026d701fa340, length=124, elements={
0x0000026d46418f10, 0x0000026d6536bbe0, 0x0000026d6536cb00, 0x0000026d6536ed60,
0x0000026d65371d60, 0x0000026d653767e0, 0x0000026d65379a50, 0x0000026d653a9ec0,
0x0000026d653ac580, 0x0000026d653786a0, 0x0000026d65378d30, 0x0000026d653793c0,
0x0000026d6537bb20, 0x0000026d6537a0e0, 0x0000026d6537a770, 0x0000026d6537ae00,
0x0000026d6b92dcc0, 0x0000026d6b92fd90, 0x0000026d6b932b80, 0x0000026d6b92e9e0,
0x0000026d6b930420, 0x0000026d6b9317d0, 0x0000026d6b931e60, 0x0000026d6b930ab0,
0x0000026d6b9324f0, 0x0000026d6b92c280, 0x0000026d6b92f070, 0x0000026d6b931140,
0x0000026d6b92f700, 0x0000026d6b933210, 0x0000026d6b9338a0, 0x0000026d6b92d630,
0x0000026d6b92cfa0, 0x0000026d6d7256a0, 0x0000026d6d725010, 0x0000026d6d725d30,
0x0000026d6d723c60, 0x0000026d6581e310, 0x0000026d6581ae90, 0x0000026d65818730,
0x0000026d65819450, 0x0000026d65817380, 0x0000026d6581e9a0, 0x0000026d658180a0,
0x0000026d65817a10, 0x0000026d65818dc0, 0x0000026d6581a170, 0x0000026d6581a800,
0x0000026d6d213130, 0x0000026d6d214b70, 0x0000026d6d2172d0, 0x0000026d6d217ff0,
0x0000026d6d215200, 0x0000026d6d211d80, 0x0000026d6d215890, 0x0000026d6d212410,
0x0000026d6d2116f0, 0x0000026d6d211060, 0x0000026d6d2137c0, 0x0000026d6d213e50,
0x0000026d6d212aa0, 0x0000026d6f5f9360, 0x0000026d6f5fada0, 0x0000026d6f5fb430,
0x0000026d6f5f8cd0, 0x0000026d6f5fbac0, 0x0000026d6f5f99f0, 0x0000026d6f5fa080,
0x0000026d6f5fc150, 0x0000026d6f5fdb90, 0x0000026d6f5fc7e0, 0x0000026d6f5fce70,
0x0000026d6f5fd500, 0x0000026d6f5fe220, 0x0000026d6f5fe8b0, 0x0000026d6f5fef40,
0x0000026d6f5f7fb0, 0x0000026d6f5ff5d0, 0x0000026d6f5f8640, 0x0000026d6d216c40,
0x0000026d6d218680, 0x0000026d6f1af3c0, 0x0000026d6f1ae6a0, 0x0000026d6f1afa50,
0x0000026d6f1b1490, 0x0000026d6f1b21b0, 0x0000026d6f1b1b20, 0x0000026d6f1ad980,
0x0000026d6f1aed30, 0x0000026d6f1b0770, 0x0000026d6f1acc60, 0x0000026d6f1b2ed0,
0x0000026d6f1ad2f0, 0x0000026d6f1b2840, 0x0000026d6f1abf40, 0x0000026d6f1b3560,
0x0000026d6f1b00e0, 0x0000026d6f1ae010, 0x0000026d6f1ac5d0, 0x0000026d6f1b0e00,
0x0000026d6fa9ea80, 0x0000026d6faa3940, 0x0000026d6fa9f7a0, 0x0000026d6faa4660,
0x0000026d6faa32b0, 0x0000026d6faa0b50, 0x0000026d6fa9f110, 0x0000026d6faa2c20,
0x0000026d6faa3fd0, 0x0000026d6faa4cf0, 0x0000026d6fa9fe30, 0x0000026d6faa5380,
0x0000026d6faa11e0, 0x0000026d6faa5a10, 0x0000026d6dddd8e0, 0x0000026d6dde2110,
0x0000026d6ddddf70, 0x0000026d6dddb180, 0x0000026d6dddbea0, 0x0000026d6dde0040,
0x0000026d6dde1a80, 0x0000026d6dddc530, 0x0000026d6dde13f0, 0x0000026d6dddf9b0
}

Java Threads: ( => current thread )
  0x0000026d46418f10 JavaThread "main"                              [_thread_blocked, id=16212, stack(0x000000fa4f300000,0x000000fa4f400000) (1024K)]
  0x0000026d6536bbe0 JavaThread "Reference Handler"          daemon [_thread_blocked, id=6284, stack(0x000000fa4fb00000,0x000000fa4fc00000) (1024K)]
  0x0000026d6536cb00 JavaThread "Finalizer"                  daemon [_thread_blocked, id=23672, stack(0x000000fa4fc00000,0x000000fa4fd00000) (1024K)]
  0x0000026d6536ed60 JavaThread "Signal Dispatcher"          daemon [_thread_blocked, id=19680, stack(0x000000fa4fd00000,0x000000fa4fe00000) (1024K)]
  0x0000026d65371d60 JavaThread "Attach Listener"            daemon [_thread_blocked, id=22476, stack(0x000000fa4fe00000,0x000000fa4ff00000) (1024K)]
  0x0000026d653767e0 JavaThread "Service Thread"             daemon [_thread_blocked, id=22896, stack(0x000000fa4ff00000,0x000000fa50000000) (1024K)]
  0x0000026d65379a50 JavaThread "Monitor Deflation Thread"   daemon [_thread_blocked, id=16156, stack(0x000000fa50000000,0x000000fa50100000) (1024K)]
=>0x0000026d653a9ec0 JavaThread "C2 CompilerThread0"         daemon [_thread_in_native, id=24036, stack(0x000000fa50100000,0x000000fa50200000) (1024K)]
  0x0000026d653ac580 JavaThread "C1 CompilerThread0"         daemon [_thread_blocked, id=8316, stack(0x000000fa50200000,0x000000fa50300000) (1024K)]
  0x0000026d653786a0 JavaThread "Common-Cleaner"             daemon [_thread_blocked, id=1824, stack(0x000000fa50300000,0x000000fa50400000) (1024K)]
  0x0000026d65378d30 JavaThread "Notification Thread"        daemon [_thread_blocked, id=16472, stack(0x000000fa50400000,0x000000fa50500000) (1024K)]
  0x0000026d653793c0 JavaThread "Daemon health stats"               [_thread_blocked, id=18532, stack(0x000000fa50900000,0x000000fa50a00000) (1024K)]
  0x0000026d6537bb20 JavaThread "Incoming local TCP Connector on port 60672"        [_thread_in_native, id=15752, stack(0x000000fa50a00000,0x000000fa50b00000) (1024K)]
  0x0000026d6537a0e0 JavaThread "Daemon periodic checks"            [_thread_blocked, id=21904, stack(0x000000fa50b00000,0x000000fa50c00000) (1024K)]
  0x0000026d6537a770 JavaThread "Daemon"                            [_thread_blocked, id=18592, stack(0x000000fa50c00000,0x000000fa50d00000) (1024K)]
  0x0000026d6537ae00 JavaThread "Handler for socket connection from /127.0.0.1:60672 to /127.0.0.1:60674"        [_thread_in_native, id=16400, stack(0x000000fa50d00000,0x000000fa50e00000) (1024K)]
  0x0000026d6b92dcc0 JavaThread "Cancel handler"                    [_thread_blocked, id=14720, stack(0x000000fa50e00000,0x000000fa50f00000) (1024K)]
  0x0000026d6b92fd90 JavaThread "Daemon worker"                     [_thread_in_vm, id=9348, stack(0x000000fa50f00000,0x000000fa51000000) (1024K)]
  0x0000026d6b932b80 JavaThread "Asynchronous log dispatcher for DefaultDaemonConnection: socket connection from /127.0.0.1:60672 to /127.0.0.1:60674"        [_thread_blocked, id=11140, stack(0x000000fa51000000,0x000000fa51100000) (1024K)]
  0x0000026d6b92e9e0 JavaThread "Stdin handler"                     [_thread_blocked, id=15228, stack(0x000000fa51100000,0x000000fa51200000) (1024K)]
  0x0000026d6b930420 JavaThread "Daemon client event forwarder"        [_thread_blocked, id=18864, stack(0x000000fa51200000,0x000000fa51300000) (1024K)]
  0x0000026d6b9317d0 JavaThread "Cache worker for journal cache (C:\Users\yashv\.gradle\caches\journal-1)"        [_thread_blocked, id=7468, stack(0x000000fa51300000,0x000000fa51400000) (1024K)]
  0x0000026d6b931e60 JavaThread "File lock request listener"        [_thread_in_native, id=2992, stack(0x000000fa51400000,0x000000fa51500000) (1024K)]
  0x0000026d6b930ab0 JavaThread "Cache worker for file hash cache (C:\Users\yashv\.gradle\caches\8.3\fileHashes)"        [_thread_blocked, id=3032, stack(0x000000fa51500000,0x000000fa51600000) (1024K)]
  0x0000026d6b9324f0 JavaThread "File watcher server"        daemon [_thread_in_native, id=17608, stack(0x000000fa51b00000,0x000000fa51c00000) (1024K)]
  0x0000026d6b92c280 JavaThread "File watcher consumer"      daemon [_thread_blocked, id=17512, stack(0x000000fa51c00000,0x000000fa51d00000) (1024K)]
  0x0000026d6b92f070 JavaThread "Cache worker for checksums cache (C:\Voume D\Code\App_test\android\.gradle\8.3\checksums)"        [_thread_blocked, id=14828, stack(0x000000fa51f00000,0x000000fa52000000) (1024K)]
  0x0000026d6b931140 JavaThread "Cache worker for file hash cache (C:\Voume D\Code\App_test\android\.gradle\8.3\fileHashes)"        [_thread_blocked, id=19564, stack(0x000000fa52000000,0x000000fa52100000) (1024K)]
  0x0000026d6b92f700 JavaThread "Cache worker for cache directory md-supplier (C:\Users\yashv\.gradle\caches\8.3\md-supplier)"        [_thread_blocked, id=15004, stack(0x000000fa52100000,0x000000fa52200000) (1024K)]
  0x0000026d6b933210 JavaThread "Cache worker for file content cache (C:\Users\yashv\.gradle\caches\8.3\fileContent)"        [_thread_blocked, id=5432, stack(0x000000fa52200000,0x000000fa52300000) (1024K)]
  0x0000026d6b9338a0 JavaThread "Cache worker for cache directory md-rule (C:\Users\yashv\.gradle\caches\8.3\md-rule)"        [_thread_blocked, id=11972, stack(0x000000fa52300000,0x000000fa52400000) (1024K)]
  0x0000026d6b92d630 JavaThread "Cache worker for execution history cache (C:\Users\yashv\.gradle\caches\8.3\executionHistory)"        [_thread_blocked, id=17216, stack(0x000000fa52400000,0x000000fa52500000) (1024K)]
  0x0000026d6b92cfa0 JavaThread "jar transforms"                    [_thread_blocked, id=17640, stack(0x000000fa52500000,0x000000fa52600000) (1024K)]
  0x0000026d6d7256a0 JavaThread "jar transforms Thread 2"           [_thread_blocked, id=8308, stack(0x000000fa52600000,0x000000fa52700000) (1024K)]
  0x0000026d6d725010 JavaThread "jar transforms Thread 3"           [_thread_blocked, id=19932, stack(0x000000fa52700000,0x000000fa52800000) (1024K)]
  0x0000026d6d725d30 JavaThread "jar transforms Thread 4"           [_thread_blocked, id=8488, stack(0x000000fa52800000,0x000000fa52900000) (1024K)]
  0x0000026d6d723c60 JavaThread "Cache worker for kotlin-dsl (C:\Users\yashv\.gradle\caches\8.3\kotlin-dsl)"        [_thread_blocked, id=16044, stack(0x000000fa52a00000,0x000000fa52b00000) (1024K)]
  0x0000026d6581e310 JavaThread "jar transforms Thread 5"           [_thread_blocked, id=13020, stack(0x000000fa52b00000,0x000000fa52c00000) (1024K)]
  0x0000026d6581ae90 JavaThread "jar transforms Thread 6"           [_thread_blocked, id=23988, stack(0x000000fa52c00000,0x000000fa52d00000) (1024K)]
  0x0000026d65818730 JavaThread "Unconstrained build operations"        [_thread_blocked, id=20792, stack(0x000000fa52d00000,0x000000fa52e00000) (1024K)]
  0x0000026d65819450 JavaThread "Unconstrained build operations Thread 2"        [_thread_blocked, id=17488, stack(0x000000fa52e00000,0x000000fa52f00000) (1024K)]
  0x0000026d65817380 JavaThread "jar transforms Thread 7"           [_thread_blocked, id=4512, stack(0x000000fa52f00000,0x000000fa53000000) (1024K)]
  0x0000026d6581e9a0 JavaThread "jar transforms Thread 8"           [_thread_blocked, id=22648, stack(0x000000fa53000000,0x000000fa53100000) (1024K)]
  0x0000026d658180a0 JavaThread "jar transforms Thread 9"           [_thread_blocked, id=9244, stack(0x000000fa53100000,0x000000fa53200000) (1024K)]
  0x0000026d65817a10 JavaThread "jar transforms Thread 10"          [_thread_blocked, id=2568, stack(0x000000fa53200000,0x000000fa53300000) (1024K)]
  0x0000026d65818dc0 JavaThread "jar transforms Thread 11"          [_thread_blocked, id=6256, stack(0x000000fa53300000,0x000000fa53400000) (1024K)]
  0x0000026d6581a170 JavaThread "jar transforms Thread 12"          [_thread_blocked, id=13560, stack(0x000000fa53400000,0x000000fa53500000) (1024K)]
  0x0000026d6581a800 JavaThread "Cache worker for dependencies-accessors (C:\Voume D\Code\App_test\android\.gradle\8.3\dependencies-accessors)"        [_thread_blocked, id=4988, stack(0x000000fa53500000,0x000000fa53600000) (1024K)]
  0x0000026d6d213130 JavaThread "Cache worker for Build Output Cleanup Cache (C:\Voume D\Code\App_test\node_modules\@react-native\gradle-plugin\.gradle\buildOutputCleanup)"        [_thread_blocked, id=18280, stack(0x000000fa53600000,0x000000fa53700000) (1024K)]
  0x0000026d6d214b70 JavaThread "Unconstrained build operations Thread 3"        [_thread_blocked, id=5032, stack(0x000000fa53700000,0x000000fa53800000) (1024K)]
  0x0000026d6d2172d0 JavaThread "Unconstrained build operations Thread 4"        [_thread_blocked, id=5980, stack(0x000000fa53800000,0x000000fa53900000) (1024K)]
  0x0000026d6d217ff0 JavaThread "Unconstrained build operations Thread 5"        [_thread_blocked, id=17072, stack(0x000000fa53900000,0x000000fa53a00000) (1024K)]
  0x0000026d6d215200 JavaThread "Unconstrained build operations Thread 6"        [_thread_blocked, id=8740, stack(0x000000fa53a00000,0x000000fa53b00000) (1024K)]
  0x0000026d6d211d80 JavaThread "Unconstrained build operations Thread 7"        [_thread_blocked, id=15856, stack(0x000000fa53b00000,0x000000fa53c00000) (1024K)]
  0x0000026d6d215890 JavaThread "Unconstrained build operations Thread 8"        [_thread_blocked, id=12440, stack(0x000000fa53c00000,0x000000fa53d00000) (1024K)]
  0x0000026d6d212410 JavaThread "Unconstrained build operations Thread 9"        [_thread_blocked, id=20992, stack(0x000000fa53d00000,0x000000fa53e00000) (1024K)]
  0x0000026d6d2116f0 JavaThread "Unconstrained build operations Thread 10"        [_thread_blocked, id=19832, stack(0x000000fa53e00000,0x000000fa53f00000) (1024K)]
  0x0000026d6d211060 JavaThread "Unconstrained build operations Thread 11"        [_thread_blocked, id=24296, stack(0x000000fa53f00000,0x000000fa54000000) (1024K)]
  0x0000026d6d2137c0 JavaThread "Unconstrained build operations Thread 12"        [_thread_blocked, id=12436, stack(0x000000fa54000000,0x000000fa54100000) (1024K)]
  0x0000026d6d213e50 JavaThread "Unconstrained build operations Thread 13"        [_thread_blocked, id=7540, stack(0x000000fa54100000,0x000000fa54200000) (1024K)]
  0x0000026d6d212aa0 JavaThread "Memory manager"                    [_thread_blocked, id=12720, stack(0x000000fa54200000,0x000000fa54300000) (1024K)]
  0x0000026d6f5f9360 JavaThread "Cache worker for Build Output Cleanup Cache (C:\Voume D\Code\App_test\android\.gradle\buildOutputCleanup)"        [_thread_blocked, id=11044, stack(0x000000fa54300000,0x000000fa54400000) (1024K)]
  0x0000026d6f5fada0 JavaThread "ForkJoinPool.commonPool-worker-1" daemon [_thread_blocked, id=10960, stack(0x000000fa54400000,0x000000fa54500000) (1024K)]
  0x0000026d6f5fb430 JavaThread "ForkJoinPool.commonPool-worker-2" daemon [_thread_blocked, id=15760, stack(0x000000fa54500000,0x000000fa54600000) (1024K)]
  0x0000026d6f5f8cd0 JavaThread "ForkJoinPool.commonPool-worker-3" daemon [_thread_blocked, id=1784, stack(0x000000fa54600000,0x000000fa54700000) (1024K)]
  0x0000026d6f5fbac0 JavaThread "ForkJoinPool.commonPool-worker-4" daemon [_thread_blocked, id=15792, stack(0x000000fa54700000,0x000000fa54800000) (1024K)]
  0x0000026d6f5f99f0 JavaThread "ForkJoinPool.commonPool-worker-5" daemon [_thread_blocked, id=9288, stack(0x000000fa54800000,0x000000fa54900000) (1024K)]
  0x0000026d6f5fa080 JavaThread "ForkJoinPool.commonPool-worker-6" daemon [_thread_blocked, id=1960, stack(0x000000fa54900000,0x000000fa54a00000) (1024K)]
  0x0000026d6f5fc150 JavaThread "ForkJoinPool.commonPool-worker-7" daemon [_thread_blocked, id=14400, stack(0x000000fa54a00000,0x000000fa54b00000) (1024K)]
  0x0000026d6f5fdb90 JavaThread "ForkJoinPool.commonPool-worker-8" daemon [_thread_blocked, id=10248, stack(0x000000fa54b00000,0x000000fa54c00000) (1024K)]
  0x0000026d6f5fc7e0 JavaThread "ForkJoinPool.commonPool-worker-9" daemon [_thread_blocked, id=6712, stack(0x000000fa54c00000,0x000000fa54d00000) (1024K)]
  0x0000026d6f5fce70 JavaThread "ForkJoinPool.commonPool-worker-10" daemon [_thread_blocked, id=23708, stack(0x000000fa54d00000,0x000000fa54e00000) (1024K)]
  0x0000026d6f5fd500 JavaThread "ForkJoinPool.commonPool-worker-11" daemon [_thread_blocked, id=11048, stack(0x000000fa54e00000,0x000000fa54f00000) (1024K)]
  0x0000026d6f5fe220 JavaThread "Exec process"               daemon [_thread_blocked, id=19188, stack(0x000000fa54f00000,0x000000fa55000000) (1024K)]
  0x0000026d6f5fe8b0 JavaThread "Exec process Thread 2"      daemon [_thread_blocked, id=22504, stack(0x000000fa55000000,0x000000fa55100000) (1024K)]
  0x0000026d6f5fef40 JavaThread "Exec process Thread 3"      daemon [_thread_blocked, id=10404, stack(0x000000fa55100000,0x000000fa55200000) (1024K)]
  0x0000026d6f5f7fb0 JavaThread "included builds"                   [_thread_blocked, id=21164, stack(0x000000fa52900000,0x000000fa52a00000) (1024K)]
  0x0000026d6f5ff5d0 JavaThread "Execution worker"                  [_thread_blocked, id=18196, stack(0x000000fa55200000,0x000000fa55300000) (1024K)]
  0x0000026d6f5f8640 JavaThread "Execution worker Thread 2"         [_thread_blocked, id=3200, stack(0x000000fa55300000,0x000000fa55400000) (1024K)]
  0x0000026d6d216c40 JavaThread "Execution worker Thread 3"         [_thread_blocked, id=24368, stack(0x000000fa55400000,0x000000fa55500000) (1024K)]
  0x0000026d6d218680 JavaThread "Execution worker Thread 4"         [_thread_blocked, id=12536, stack(0x000000fa55500000,0x000000fa55600000) (1024K)]
  0x0000026d6f1af3c0 JavaThread "Execution worker Thread 5"         [_thread_blocked, id=3316, stack(0x000000fa55600000,0x000000fa55700000) (1024K)]
  0x0000026d6f1ae6a0 JavaThread "Execution worker Thread 6"         [_thread_blocked, id=16792, stack(0x000000fa55700000,0x000000fa55800000) (1024K)]
  0x0000026d6f1afa50 JavaThread "Execution worker Thread 7"         [_thread_blocked, id=11316, stack(0x000000fa55800000,0x000000fa55900000) (1024K)]
  0x0000026d6f1b1490 JavaThread "Execution worker Thread 8"         [_thread_blocked, id=17444, stack(0x000000fa55900000,0x000000fa55a00000) (1024K)]
  0x0000026d6f1b21b0 JavaThread "Execution worker Thread 9"         [_thread_blocked, id=24568, stack(0x000000fa55a00000,0x000000fa55b00000) (1024K)]
  0x0000026d6f1b1b20 JavaThread "Execution worker Thread 10"        [_thread_blocked, id=15048, stack(0x000000fa55b00000,0x000000fa55c00000) (1024K)]
  0x0000026d6f1ad980 JavaThread "Execution worker Thread 11"        [_thread_blocked, id=6004, stack(0x000000fa55c00000,0x000000fa55d00000) (1024K)]
  0x0000026d6f1aed30 JavaThread "Cache worker for execution history cache (C:\Voume D\Code\App_test\node_modules\@react-native\gradle-plugin\.gradle\8.3\executionHistory)"        [_thread_blocked, id=11888, stack(0x000000fa55d00000,0x000000fa55e00000) (1024K)]
  0x0000026d6f1b0770 JavaThread "Unconstrained build operations Thread 14"        [_thread_blocked, id=19852, stack(0x000000fa55e00000,0x000000fa55f00000) (1024K)]
  0x0000026d6f1acc60 JavaThread "Unconstrained build operations Thread 15"        [_thread_blocked, id=8172, stack(0x000000fa55f00000,0x000000fa56000000) (1024K)]
  0x0000026d6f1b2ed0 JavaThread "Unconstrained build operations Thread 16"        [_thread_blocked, id=6732, stack(0x000000fa56000000,0x000000fa56100000) (1024K)]
  0x0000026d6f1ad2f0 JavaThread "Unconstrained build operations Thread 17"        [_thread_blocked, id=2108, stack(0x000000fa56100000,0x000000fa56200000) (1024K)]
  0x0000026d6f1b2840 JavaThread "Unconstrained build operations Thread 18"        [_thread_blocked, id=10360, stack(0x000000fa56200000,0x000000fa56300000) (1024K)]
  0x0000026d6f1abf40 JavaThread "Unconstrained build operations Thread 19"        [_thread_blocked, id=19740, stack(0x000000fa56300000,0x000000fa56400000) (1024K)]
  0x0000026d6f1b3560 JavaThread "Unconstrained build operations Thread 20"        [_thread_blocked, id=8828, stack(0x000000fa56400000,0x000000fa56500000) (1024K)]
  0x0000026d6f1b00e0 JavaThread "Unconstrained build operations Thread 21"        [_thread_blocked, id=18084, stack(0x000000fa56500000,0x000000fa56600000) (1024K)]
  0x0000026d6f1ae010 JavaThread "Unconstrained build operations Thread 22"        [_thread_blocked, id=5420, stack(0x000000fa56600000,0x000000fa56700000) (1024K)]
  0x0000026d6f1ac5d0 JavaThread "Unconstrained build operations Thread 23"        [_thread_blocked, id=17380, stack(0x000000fa56700000,0x000000fa56800000) (1024K)]
  0x0000026d6f1b0e00 JavaThread "Unconstrained build operations Thread 24"        [_thread_blocked, id=19996, stack(0x000000fa56800000,0x000000fa56900000) (1024K)]
  0x0000026d6fa9ea80 JavaThread "Unconstrained build operations Thread 25"        [_thread_blocked, id=5744, stack(0x000000fa56900000,0x000000fa56a00000) (1024K)]
  0x0000026d6faa3940 JavaThread "Unconstrained build operations Thread 26"        [_thread_blocked, id=7952, stack(0x000000fa56a00000,0x000000fa56b00000) (1024K)]
  0x0000026d6fa9f7a0 JavaThread "Unconstrained build operations Thread 27"        [_thread_blocked, id=6548, stack(0x000000fa56b00000,0x000000fa56c00000) (1024K)]
  0x0000026d6faa4660 JavaThread "Unconstrained build operations Thread 28"        [_thread_blocked, id=24372, stack(0x000000fa56c00000,0x000000fa56d00000) (1024K)]
  0x0000026d6faa32b0 JavaThread "Unconstrained build operations Thread 29"        [_thread_blocked, id=12168, stack(0x000000fa56d00000,0x000000fa56e00000) (1024K)]
  0x0000026d6faa0b50 JavaThread "Unconstrained build operations Thread 30"        [_thread_blocked, id=19736, stack(0x000000fa56e00000,0x000000fa56f00000) (1024K)]
  0x0000026d6fa9f110 JavaThread "Unconstrained build operations Thread 31"        [_thread_blocked, id=3408, stack(0x000000fa56f00000,0x000000fa57000000) (1024K)]
  0x0000026d6faa2c20 JavaThread "Unconstrained build operations Thread 32"        [_thread_blocked, id=16892, stack(0x000000fa57000000,0x000000fa57100000) (1024K)]
  0x0000026d6faa3fd0 JavaThread "Unconstrained build operations Thread 33"        [_thread_blocked, id=15152, stack(0x000000fa57100000,0x000000fa57200000) (1024K)]
  0x0000026d6faa4cf0 JavaThread "Unconstrained build operations Thread 34"        [_thread_blocked, id=3444, stack(0x000000fa57200000,0x000000fa57300000) (1024K)]
  0x0000026d6fa9fe30 JavaThread "Unconstrained build operations Thread 35"        [_thread_blocked, id=9580, stack(0x000000fa57300000,0x000000fa57400000) (1024K)]
  0x0000026d6faa5380 JavaThread "Unconstrained build operations Thread 36"        [_thread_blocked, id=20296, stack(0x000000fa57400000,0x000000fa57500000) (1024K)]
  0x0000026d6faa11e0 JavaThread "Unconstrained build operations Thread 37"        [_thread_blocked, id=2812, stack(0x000000fa57500000,0x000000fa57600000) (1024K)]
  0x0000026d6faa5a10 JavaThread "Unconstrained build operations Thread 38"        [_thread_blocked, id=20668, stack(0x000000fa57700000,0x000000fa57800000) (1024K)]
  0x0000026d6dddd8e0 JavaThread "Unconstrained build operations Thread 39"        [_thread_blocked, id=2008, stack(0x000000fa57800000,0x000000fa57900000) (1024K)]
  0x0000026d6dde2110 JavaThread "Unconstrained build operations Thread 40"        [_thread_blocked, id=8440, stack(0x000000fa57900000,0x000000fa57a00000) (1024K)]
  0x0000026d6ddddf70 JavaThread "Unconstrained build operations Thread 41"        [_thread_blocked, id=5944, stack(0x000000fa57a00000,0x000000fa57b00000) (1024K)]
  0x0000026d6dddb180 JavaThread "Unconstrained build operations Thread 42"        [_thread_blocked, id=12628, stack(0x000000fa57b00000,0x000000fa57c00000) (1024K)]
  0x0000026d6dddbea0 JavaThread "Unconstrained build operations Thread 43"        [_thread_blocked, id=16780, stack(0x000000fa57c00000,0x000000fa57d00000) (1024K)]
  0x0000026d6dde0040 JavaThread "Unconstrained build operations Thread 44"        [_thread_blocked, id=11468, stack(0x000000fa57d00000,0x000000fa57e00000) (1024K)]
  0x0000026d6dde1a80 JavaThread "Unconstrained build operations Thread 45"        [_thread_blocked, id=1480, stack(0x000000fa57e00000,0x000000fa57f00000) (1024K)]
  0x0000026d6dddc530 JavaThread "Unconstrained build operations Thread 46"        [_thread_blocked, id=17888, stack(0x000000fa57f00000,0x000000fa58000000) (1024K)]
  0x0000026d6dde13f0 JavaThread "Unconstrained build operations Thread 47"        [_thread_blocked, id=14768, stack(0x000000fa58000000,0x000000fa58100000) (1024K)]
  0x0000026d6dddf9b0 JavaThread "Unconstrained build operations Thread 48"        [_thread_blocked, id=6124, stack(0x000000fa58100000,0x000000fa58200000) (1024K)]
Total: 124

Other Threads:
  0x0000026d6534cf00 VMThread "VM Thread"                           [id=11600, stack(0x000000fa4fa00000,0x000000fa4fb00000) (1024K)]
  0x0000026d65337130 WatcherThread "VM Periodic Task Thread"        [id=20324, stack(0x000000fa4f900000,0x000000fa4fa00000) (1024K)]
  0x0000026d485c75a0 WorkerThread "GC Thread#0"                     [id=15272, stack(0x000000fa4f400000,0x000000fa4f500000) (1024K)]
  0x0000026d6a81f090 WorkerThread "GC Thread#1"                     [id=15316, stack(0x000000fa50500000,0x000000fa50600000) (1024K)]
  0x0000026d6a6a7b20 WorkerThread "GC Thread#2"                     [id=20444, stack(0x000000fa50600000,0x000000fa50700000) (1024K)]
  0x0000026d6a689aa0 WorkerThread "GC Thread#3"                     [id=12552, stack(0x000000fa50700000,0x000000fa50800000) (1024K)]
  0x0000026d6a670320 WorkerThread "GC Thread#4"                     [id=18912, stack(0x000000fa50800000,0x000000fa50900000) (1024K)]
  0x0000026d6cd408c0 WorkerThread "GC Thread#5"                     [id=6816, stack(0x000000fa51600000,0x000000fa51700000) (1024K)]
  0x0000026d6cd413a0 WorkerThread "GC Thread#6"                     [id=14468, stack(0x000000fa51700000,0x000000fa51800000) (1024K)]
  0x0000026d6cd40520 WorkerThread "GC Thread#7"                     [id=4052, stack(0x000000fa51800000,0x000000fa51900000) (1024K)]
  0x0000026d6cd40c60 WorkerThread "GC Thread#8"                     [id=12836, stack(0x000000fa51900000,0x000000fa51a00000) (1024K)]
  0x0000026d6cd41740 WorkerThread "GC Thread#9"                     [id=22612, stack(0x000000fa51a00000,0x000000fa51b00000) (1024K)]
  0x0000026d485d8640 ConcurrentGCThread "G1 Main Marker"            [id=19328, stack(0x000000fa4f500000,0x000000fa4f600000) (1024K)]
  0x0000026d485d9860 WorkerThread "G1 Conc#0"                       [id=19576, stack(0x000000fa4f600000,0x000000fa4f700000) (1024K)]
  0x0000026d6cd41000 WorkerThread "G1 Conc#1"                       [id=3372, stack(0x000000fa51d00000,0x000000fa51e00000) (1024K)]
  0x0000026d6cd3fde0 WorkerThread "G1 Conc#2"                       [id=3460, stack(0x000000fa51e00000,0x000000fa51f00000) (1024K)]
  0x0000026d4862e0b0 ConcurrentGCThread "G1 Refine#0"               [id=20644, stack(0x000000fa4f700000,0x000000fa4f800000) (1024K)]
  0x0000026d4862eb30 ConcurrentGCThread "G1 Service"                [id=13908, stack(0x000000fa4f800000,0x000000fa4f900000) (1024K)]
Total: 18

Threads with active compile tasks:
C2 CompilerThread0    21482 11089       4       org.objectweb.asm.MethodWriter::visitLabel (328 bytes)
Total: 1

VM state: not at safepoint (normal execution)

VM Mutex/Monitor currently owned by a thread: None

Heap address: 0x0000000080000000, size: 2048 MB, Compressed Oops mode: 32-bit

CDS archive(s) mapped at: [0x0000026d00000000-0x0000026d00c90000-0x0000026d00c90000), size 13172736, SharedBaseAddress: 0x0000026d00000000, ArchiveRelocationMode: 1.
Compressed class space mapped at: 0x0000026d01000000-0x0000026d1b000000, reserved size: 436207616
Narrow klass base: 0x0000026d00000000, Narrow klass shift: 0, Narrow klass range: 0x100000000

GC Precious Log:
 CardTable entry size: 512
 Card Set container configuration: InlinePtr #cards 5 size 8 Array Of Cards #cards 12 size 40 Howl #buckets 4 coarsen threshold 1843 Howl Bitmap #cards 512 size 80 coarsen threshold 460 Card regions per heap region 1 cards per card region 2048
 CPUs: 12 total, 12 available
 Memory: 7914M
 Large Page Support: Disabled
 NUMA Support: Disabled
 Compressed Oops: Enabled (32-bit)
 Heap Region Size: 1M
 Heap Min Capacity: 8M
 Heap Initial Capacity: 124M
 Heap Max Capacity: 2G
 Pre-touch: Disabled
 Parallel Workers: 10
 Concurrent Workers: 3
 Concurrent Refinement Workers: 10
 Periodic GC: Disabled

Heap:
 garbage-first heap   total 196608K, used 123882K [0x0000000080000000, 0x0000000100000000)
  region size 1024K, 27 young (27648K), 10 survivors (10240K)
 Metaspace       used 92982K, committed 95232K, reserved 557056K
  class space    used 13151K, committed 14272K, reserved 425984K

Heap Regions: E=young(eden), S=young(survivor), O=old, HS=humongous(starts), HC=humongous(continues), CS=collection set, F=free, TAMS=top-at-mark-start, PB=parsable bottom
|   0|0x0000000080000000, 0x0000000080100000, 0x0000000080100000|100%|HS|  |TAMS 0x0000000080000000| PB 0x0000000080000000| Complete 
|   1|0x0000000080100000, 0x0000000080200000, 0x0000000080200000|100%|HC|  |TAMS 0x0000000080100000| PB 0x0000000080100000| Complete 
|   2|0x0000000080200000, 0x0000000080300000, 0x0000000080300000|100%|HC|  |TAMS 0x0000000080200000| PB 0x0000000080200000| Complete 
|   3|0x0000000080300000, 0x0000000080400000, 0x0000000080400000|100%|HC|  |TAMS 0x0000000080300000| PB 0x0000000080300000| Complete 
|   4|0x0000000080400000, 0x0000000080500000, 0x0000000080500000|100%| O|  |TAMS 0x0000000080400000| PB 0x0000000080400000| Untracked 
|   5|0x0000000080500000, 0x0000000080600000, 0x0000000080600000|100%| O|  |TAMS 0x0000000080500000| PB 0x0000000080500000| Untracked 
|   6|0x0000000080600000, 0x0000000080700000, 0x0000000080700000|100%| O|  |TAMS 0x0000000080600000| PB 0x0000000080600000| Untracked 
|   7|0x0000000080700000, 0x0000000080800000, 0x0000000080800000|100%| O|  |TAMS 0x0000000080700000| PB 0x0000000080700000| Untracked 
|   8|0x0000000080800000, 0x0000000080900000, 0x0000000080900000|100%| O|  |TAMS 0x0000000080800000| PB 0x0000000080800000| Untracked 
|   9|0x0000000080900000, 0x0000000080a00000, 0x0000000080a00000|100%| O|  |TAMS 0x0000000080900000| PB 0x0000000080900000| Untracked 
|  10|0x0000000080a00000, 0x0000000080b00000, 0x0000000080b00000|100%| O|  |TAMS 0x0000000080a00000| PB 0x0000000080a00000| Untracked 
|  11|0x0000000080b00000, 0x0000000080c00000, 0x0000000080c00000|100%| O|  |TAMS 0x0000000080b00000| PB 0x0000000080b00000| Untracked 
|  12|0x0000000080c00000, 0x0000000080d00000, 0x0000000080d00000|100%| O|  |TAMS 0x0000000080c00000| PB 0x0000000080c00000| Untracked 
|  13|0x0000000080d00000, 0x0000000080e00000, 0x0000000080e00000|100%| O|  |TAMS 0x0000000080d00000| PB 0x0000000080d00000| Untracked 
|  14|0x0000000080e00000, 0x0000000080f00000, 0x0000000080f00000|100%| O|  |TAMS 0x0000000080e00000| PB 0x0000000080e00000| Untracked 
|  15|0x0000000080f00000, 0x0000000081000000, 0x0000000081000000|100%| O|  |TAMS 0x0000000080f00000| PB 0x0000000080f00000| Untracked 
|  16|0x0000000081000000, 0x0000000081100000, 0x0000000081100000|100%| O|  |TAMS 0x0000000081000000| PB 0x0000000081000000| Untracked 
|  17|0x0000000081100000, 0x0000000081200000, 0x0000000081200000|100%| O|  |TAMS 0x0000000081100000| PB 0x0000000081100000| Untracked 
|  18|0x0000000081200000, 0x0000000081300000, 0x0000000081300000|100%| O|  |TAMS 0x0000000081200000| PB 0x0000000081200000| Untracked 
|  19|0x0000000081300000, 0x0000000081400000, 0x0000000081400000|100%| O|  |TAMS 0x0000000081300000| PB 0x0000000081300000| Untracked 
|  20|0x0000000081400000, 0x0000000081500000, 0x0000000081500000|100%| O|  |TAMS 0x0000000081400000| PB 0x0000000081400000| Untracked 
|  21|0x0000000081500000, 0x0000000081600000, 0x0000000081600000|100%| O|  |TAMS 0x0000000081500000| PB 0x0000000081500000| Untracked 
|  22|0x0000000081600000, 0x0000000081700000, 0x0000000081700000|100%| O|  |TAMS 0x0000000081600000| PB 0x0000000081600000| Untracked 
|  23|0x0000000081700000, 0x0000000081800000, 0x0000000081800000|100%| O|  |TAMS 0x0000000081700000| PB 0x0000000081700000| Untracked 
|  24|0x0000000081800000, 0x0000000081900000, 0x0000000081900000|100%|HS|  |TAMS 0x0000000081800000| PB 0x0000000081800000| Complete 
|  25|0x0000000081900000, 0x0000000081a00000, 0x0000000081a00000|100%|HC|  |TAMS 0x0000000081900000| PB 0x0000000081900000| Complete 
|  26|0x0000000081a00000, 0x0000000081b00000, 0x0000000081b00000|100%| O|  |TAMS 0x0000000081a00000| PB 0x0000000081a00000| Untracked 
|  27|0x0000000081b00000, 0x0000000081c00000, 0x0000000081c00000|100%| O|  |TAMS 0x0000000081b00000| PB 0x0000000081b00000| Untracked 
|  28|0x0000000081c00000, 0x0000000081d00000, 0x0000000081d00000|100%| O|  |TAMS 0x0000000081c00000| PB 0x0000000081c00000| Untracked 
|  29|0x0000000081d00000, 0x0000000081e00000, 0x0000000081e00000|100%| O|  |TAMS 0x0000000081d00000| PB 0x0000000081d00000| Untracked 
|  30|0x0000000081e00000, 0x0000000081f00000, 0x0000000081f00000|100%| O|  |TAMS 0x0000000081e00000| PB 0x0000000081e00000| Untracked 
|  31|0x0000000081f00000, 0x0000000082000000, 0x0000000082000000|100%| O|  |TAMS 0x0000000081f00000| PB 0x0000000081f00000| Untracked 
|  32|0x0000000082000000, 0x0000000082100000, 0x0000000082100000|100%| O|  |TAMS 0x0000000082000000| PB 0x0000000082000000| Untracked 
|  33|0x0000000082100000, 0x0000000082200000, 0x0000000082200000|100%|HS|  |TAMS 0x0000000082100000| PB 0x0000000082100000| Complete 
|  34|0x0000000082200000, 0x0000000082300000, 0x0000000082300000|100%|HC|  |TAMS 0x0000000082200000| PB 0x0000000082200000| Complete 
|  35|0x0000000082300000, 0x0000000082400000, 0x0000000082400000|100%|HS|  |TAMS 0x0000000082300000| PB 0x0000000082300000| Complete 
|  36|0x0000000082400000, 0x0000000082500000, 0x0000000082500000|100%|HC|  |TAMS 0x0000000082400000| PB 0x0000000082400000| Complete 
|  37|0x0000000082500000, 0x0000000082600000, 0x0000000082600000|100%|HC|  |TAMS 0x0000000082500000| PB 0x0000000082500000| Complete 
|  38|0x0000000082600000, 0x0000000082700000, 0x0000000082700000|100%|HC|  |TAMS 0x0000000082600000| PB 0x0000000082600000| Complete 
|  39|0x0000000082700000, 0x0000000082800000, 0x0000000082800000|100%| O|  |TAMS 0x0000000082700000| PB 0x0000000082700000| Untracked 
|  40|0x0000000082800000, 0x0000000082900000, 0x0000000082900000|100%| O|  |TAMS 0x0000000082800000| PB 0x0000000082800000| Untracked 
|  41|0x0000000082900000, 0x0000000082a00000, 0x0000000082a00000|100%| O|  |TAMS 0x0000000082900000| PB 0x0000000082900000| Untracked 
|  42|0x0000000082a00000, 0x0000000082b00000, 0x0000000082b00000|100%| O|  |TAMS 0x0000000082a00000| PB 0x0000000082a00000| Untracked 
|  43|0x0000000082b00000, 0x0000000082c00000, 0x0000000082c00000|100%|HS|  |TAMS 0x0000000082b00000| PB 0x0000000082b00000| Complete 
|  44|0x0000000082c00000, 0x0000000082d00000, 0x0000000082d00000|100%|HC|  |TAMS 0x0000000082c00000| PB 0x0000000082c00000| Complete 
|  45|0x0000000082d00000, 0x0000000082e00000, 0x0000000082e00000|100%|HC|  |TAMS 0x0000000082d00000| PB 0x0000000082d00000| Complete 
|  46|0x0000000082e00000, 0x0000000082f00000, 0x0000000082f00000|100%|HC|  |TAMS 0x0000000082e00000| PB 0x0000000082e00000| Complete 
|  47|0x0000000082f00000, 0x0000000083000000, 0x0000000083000000|100%| O|  |TAMS 0x0000000082f00000| PB 0x0000000082f00000| Untracked 
|  48|0x0000000083000000, 0x0000000083100000, 0x0000000083100000|100%| O|  |TAMS 0x0000000083000000| PB 0x0000000083000000| Untracked 
|  49|0x0000000083100000, 0x0000000083200000, 0x0000000083200000|100%| O|  |TAMS 0x0000000083100000| PB 0x0000000083100000| Untracked 
|  50|0x0000000083200000, 0x0000000083300000, 0x0000000083300000|100%| O|  |TAMS 0x0000000083200000| PB 0x0000000083200000| Untracked 
|  51|0x0000000083300000, 0x0000000083400000, 0x0000000083400000|100%| O|  |TAMS 0x0000000083300000| PB 0x0000000083300000| Untracked 
|  52|0x0000000083400000, 0x0000000083500000, 0x0000000083500000|100%| O|  |TAMS 0x0000000083400000| PB 0x0000000083400000| Untracked 
|  53|0x0000000083500000, 0x0000000083600000, 0x0000000083600000|100%| O|  |TAMS 0x0000000083500000| PB 0x0000000083500000| Untracked 
|  54|0x0000000083600000, 0x0000000083700000, 0x0000000083700000|100%| O|  |TAMS 0x0000000083600000| PB 0x0000000083600000| Untracked 
|  55|0x0000000083700000, 0x0000000083800000, 0x0000000083800000|100%| O|  |TAMS 0x0000000083700000| PB 0x0000000083700000| Untracked 
|  56|0x0000000083800000, 0x0000000083900000, 0x0000000083900000|100%| O|  |TAMS 0x0000000083800000| PB 0x0000000083800000| Untracked 
|  57|0x0000000083900000, 0x0000000083a00000, 0x0000000083a00000|100%| O|  |TAMS 0x0000000083900000| PB 0x0000000083900000| Untracked 
|  58|0x0000000083a00000, 0x0000000083b00000, 0x0000000083b00000|100%| O|  |TAMS 0x0000000083a00000| PB 0x0000000083a00000| Untracked 
|  59|0x0000000083b00000, 0x0000000083c00000, 0x0000000083c00000|100%| O|  |TAMS 0x0000000083b00000| PB 0x0000000083b00000| Untracked 
|  60|0x0000000083c00000, 0x0000000083d00000, 0x0000000083d00000|100%|HS|  |TAMS 0x0000000083c00000| PB 0x0000000083c00000| Complete 
|  61|0x0000000083d00000, 0x0000000083e00000, 0x0000000083e00000|100%|HS|  |TAMS 0x0000000083d00000| PB 0x0000000083d00000| Complete 
|  62|0x0000000083e00000, 0x0000000083f00000, 0x0000000083f00000|100%|HS|  |TAMS 0x0000000083e00000| PB 0x0000000083e00000| Complete 
|  63|0x0000000083f00000, 0x0000000084000000, 0x0000000084000000|100%| O|  |TAMS 0x0000000083f00000| PB 0x0000000083f00000| Untracked 
|  64|0x0000000084000000, 0x0000000084100000, 0x0000000084100000|100%| O|  |TAMS 0x0000000084000000| PB 0x0000000084000000| Untracked 
|  65|0x0000000084100000, 0x0000000084200000, 0x0000000084200000|100%| O|  |TAMS 0x0000000084100000| PB 0x0000000084100000| Untracked 
|  66|0x0000000084200000, 0x0000000084300000, 0x0000000084300000|100%|HS|  |TAMS 0x0000000084200000| PB 0x0000000084200000| Complete 
|  67|0x0000000084300000, 0x0000000084400000, 0x0000000084400000|100%| O|  |TAMS 0x0000000084300000| PB 0x0000000084300000| Untracked 
|  68|0x0000000084400000, 0x0000000084500000, 0x0000000084500000|100%| O|  |TAMS 0x0000000084400000| PB 0x0000000084400000| Untracked 
|  69|0x0000000084500000, 0x0000000084600000, 0x0000000084600000|100%| O|  |TAMS 0x0000000084500000| PB 0x0000000084500000| Untracked 
|  70|0x0000000084600000, 0x0000000084700000, 0x0000000084700000|100%| O|  |TAMS 0x0000000084600000| PB 0x0000000084600000| Untracked 
|  71|0x0000000084700000, 0x0000000084800000, 0x0000000084800000|100%| O|  |TAMS 0x0000000084700000| PB 0x0000000084700000| Untracked 
|  72|0x0000000084800000, 0x0000000084900000, 0x0000000084900000|100%| O|  |TAMS 0x0000000084800000| PB 0x0000000084800000| Untracked 
|  73|0x0000000084900000, 0x0000000084a00000, 0x0000000084a00000|100%| O|  |TAMS 0x0000000084900000| PB 0x0000000084900000| Untracked 
|  74|0x0000000084a00000, 0x0000000084b00000, 0x0000000084b00000|100%| O|  |TAMS 0x0000000084a00000| PB 0x0000000084a00000| Untracked 
|  75|0x0000000084b00000, 0x0000000084c00000, 0x0000000084c00000|100%| O|  |TAMS 0x0000000084b00000| PB 0x0000000084b00000| Untracked 
|  76|0x0000000084c00000, 0x0000000084c00000, 0x0000000084d00000|  0%| F|  |TAMS 0x0000000084c00000| PB 0x0000000084c00000| Untracked 
|  77|0x0000000084d00000, 0x0000000084e00000, 0x0000000084e00000|100%| O|  |TAMS 0x0000000084d00000| PB 0x0000000084d00000| Untracked 
|  78|0x0000000084e00000, 0x0000000084f00000, 0x0000000084f00000|100%| O|  |TAMS 0x0000000084e00000| PB 0x0000000084e00000| Untracked 
|  79|0x0000000084f00000, 0x0000000085000000, 0x0000000085000000|100%| O|  |TAMS 0x0000000084f00000| PB 0x0000000084f00000| Untracked 
|  80|0x0000000085000000, 0x0000000085100000, 0x0000000085100000|100%| O|  |TAMS 0x0000000085000000| PB 0x0000000085000000| Untracked 
|  81|0x0000000085100000, 0x0000000085200000, 0x0000000085200000|100%| O|  |TAMS 0x0000000085100000| PB 0x0000000085100000| Untracked 
|  82|0x0000000085200000, 0x0000000085300000, 0x0000000085300000|100%| O|  |TAMS 0x0000000085200000| PB 0x0000000085200000| Untracked 
|  83|0x0000000085300000, 0x0000000085400000, 0x0000000085400000|100%| O|  |TAMS 0x0000000085300000| PB 0x0000000085300000| Untracked 
|  84|0x0000000085400000, 0x0000000085500000, 0x0000000085500000|100%| O|  |TAMS 0x0000000085400000| PB 0x0000000085400000| Untracked 
|  85|0x0000000085500000, 0x0000000085600000, 0x0000000085600000|100%| O|  |TAMS 0x0000000085500000| PB 0x0000000085500000| Untracked 
|  86|0x0000000085600000, 0x00000000856faa60, 0x0000000085700000| 97%| O|  |TAMS 0x0000000085600000| PB 0x0000000085600000| Untracked 
|  87|0x0000000085700000, 0x0000000085800000, 0x0000000085800000|100%|HS|  |TAMS 0x0000000085700000| PB 0x0000000085700000| Complete 
|  88|0x0000000085800000, 0x0000000085900000, 0x0000000085900000|100%|HC|  |TAMS 0x0000000085800000| PB 0x0000000085800000| Complete 
|  89|0x0000000085900000, 0x0000000085a00000, 0x0000000085a00000|100%|HS|  |TAMS 0x0000000085900000| PB 0x0000000085900000| Complete 
|  90|0x0000000085a00000, 0x0000000085b00000, 0x0000000085b00000|100%|HC|  |TAMS 0x0000000085a00000| PB 0x0000000085a00000| Complete 
|  91|0x0000000085b00000, 0x0000000085b00000, 0x0000000085c00000|  0%| F|  |TAMS 0x0000000085b00000| PB 0x0000000085b00000| Untracked 
|  92|0x0000000085c00000, 0x0000000085c00000, 0x0000000085d00000|  0%| F|  |TAMS 0x0000000085c00000| PB 0x0000000085c00000| Untracked 
|  93|0x0000000085d00000, 0x0000000085d00000, 0x0000000085e00000|  0%| F|  |TAMS 0x0000000085d00000| PB 0x0000000085d00000| Untracked 
|  94|0x0000000085e00000, 0x0000000085e00000, 0x0000000085f00000|  0%| F|  |TAMS 0x0000000085e00000| PB 0x0000000085e00000| Untracked 
|  95|0x0000000085f00000, 0x0000000085f00000, 0x0000000086000000|  0%| F|  |TAMS 0x0000000085f00000| PB 0x0000000085f00000| Untracked 
|  96|0x0000000086000000, 0x0000000086000000, 0x0000000086100000|  0%| F|  |TAMS 0x0000000086000000| PB 0x0000000086000000| Untracked 
|  97|0x0000000086100000, 0x0000000086100000, 0x0000000086200000|  0%| F|  |TAMS 0x0000000086100000| PB 0x0000000086100000| Untracked 
|  98|0x0000000086200000, 0x0000000086200000, 0x0000000086300000|  0%| F|  |TAMS 0x0000000086200000| PB 0x0000000086200000| Untracked 
|  99|0x0000000086300000, 0x0000000086300000, 0x0000000086400000|  0%| F|  |TAMS 0x0000000086300000| PB 0x0000000086300000| Untracked 
| 100|0x0000000086400000, 0x0000000086400000, 0x0000000086500000|  0%| F|  |TAMS 0x0000000086400000| PB 0x0000000086400000| Untracked 
| 101|0x0000000086500000, 0x0000000086500000, 0x0000000086600000|  0%| F|  |TAMS 0x0000000086500000| PB 0x0000000086500000| Untracked 
| 102|0x0000000086600000, 0x0000000086600000, 0x0000000086700000|  0%| F|  |TAMS 0x0000000086600000| PB 0x0000000086600000| Untracked 
| 103|0x0000000086700000, 0x0000000086800000, 0x0000000086800000|100%| S|CS|TAMS 0x0000000086700000| PB 0x0000000086700000| Complete 
| 104|0x0000000086800000, 0x0000000086900000, 0x0000000086900000|100%| S|CS|TAMS 0x0000000086800000| PB 0x0000000086800000| Complete 
| 105|0x0000000086900000, 0x0000000086a00000, 0x0000000086a00000|100%| S|CS|TAMS 0x0000000086900000| PB 0x0000000086900000| Complete 
| 106|0x0000000086a00000, 0x0000000086b00000, 0x0000000086b00000|100%| S|CS|TAMS 0x0000000086a00000| PB 0x0000000086a00000| Complete 
| 107|0x0000000086b00000, 0x0000000086b00000, 0x0000000086c00000|  0%| F|  |TAMS 0x0000000086b00000| PB 0x0000000086b00000| Untracked 
| 108|0x0000000086c00000, 0x0000000086c00000, 0x0000000086d00000|  0%| F|  |TAMS 0x0000000086c00000| PB 0x0000000086c00000| Untracked 
| 109|0x0000000086d00000, 0x0000000086e00000, 0x0000000086e00000|100%| S|CS|TAMS 0x0000000086d00000| PB 0x0000000086d00000| Complete 
| 110|0x0000000086e00000, 0x0000000086f00000, 0x0000000086f00000|100%| S|CS|TAMS 0x0000000086e00000| PB 0x0000000086e00000| Complete 
| 111|0x0000000086f00000, 0x0000000087000000, 0x0000000087000000|100%| S|CS|TAMS 0x0000000086f00000| PB 0x0000000086f00000| Complete 
| 112|0x0000000087000000, 0x0000000087100000, 0x0000000087100000|100%| S|CS|TAMS 0x0000000087000000| PB 0x0000000087000000| Complete 
| 113|0x0000000087100000, 0x0000000087200000, 0x0000000087200000|100%| S|CS|TAMS 0x0000000087100000| PB 0x0000000087100000| Complete 
| 114|0x0000000087200000, 0x0000000087300000, 0x0000000087300000|100%| S|CS|TAMS 0x0000000087200000| PB 0x0000000087200000| Complete 
| 115|0x0000000087300000, 0x0000000087300000, 0x0000000087400000|  0%| F|  |TAMS 0x0000000087300000| PB 0x0000000087300000| Untracked 
| 116|0x0000000087400000, 0x0000000087400000, 0x0000000087500000|  0%| F|  |TAMS 0x0000000087400000| PB 0x0000000087400000| Untracked 
| 117|0x0000000087500000, 0x0000000087500000, 0x0000000087600000|  0%| F|  |TAMS 0x0000000087500000| PB 0x0000000087500000| Untracked 
| 118|0x0000000087600000, 0x0000000087600000, 0x0000000087700000|  0%| F|  |TAMS 0x0000000087600000| PB 0x0000000087600000| Untracked 
| 119|0x0000000087700000, 0x0000000087700000, 0x0000000087800000|  0%| F|  |TAMS 0x0000000087700000| PB 0x0000000087700000| Untracked 
| 120|0x0000000087800000, 0x0000000087800000, 0x0000000087900000|  0%| F|  |TAMS 0x0000000087800000| PB 0x0000000087800000| Untracked 
| 121|0x0000000087900000, 0x0000000087900000, 0x0000000087a00000|  0%| F|  |TAMS 0x0000000087900000| PB 0x0000000087900000| Untracked 
| 122|0x0000000087a00000, 0x0000000087a00000, 0x0000000087b00000|  0%| F|  |TAMS 0x0000000087a00000| PB 0x0000000087a00000| Untracked 
| 123|0x0000000087b00000, 0x0000000087b00000, 0x0000000087c00000|  0%| F|  |TAMS 0x0000000087b00000| PB 0x0000000087b00000| Untracked 
| 124|0x0000000087c00000, 0x0000000087c00000, 0x0000000087d00000|  0%| F|  |TAMS 0x0000000087c00000| PB 0x0000000087c00000| Untracked 
| 125|0x0000000087d00000, 0x0000000087d00000, 0x0000000087e00000|  0%| F|  |TAMS 0x0000000087d00000| PB 0x0000000087d00000| Untracked 
| 126|0x0000000087e00000, 0x0000000087e00000, 0x0000000087f00000|  0%| F|  |TAMS 0x0000000087e00000| PB 0x0000000087e00000| Untracked 
| 127|0x0000000087f00000, 0x0000000087f00000, 0x0000000088000000|  0%| F|  |TAMS 0x0000000087f00000| PB 0x0000000087f00000| Untracked 
| 128|0x0000000088000000, 0x0000000088000000, 0x0000000088100000|  0%| F|  |TAMS 0x0000000088000000| PB 0x0000000088000000| Untracked 
| 129|0x0000000088100000, 0x0000000088100000, 0x0000000088200000|  0%| F|  |TAMS 0x0000000088100000| PB 0x0000000088100000| Untracked 
| 130|0x0000000088200000, 0x0000000088200000, 0x0000000088300000|  0%| F|  |TAMS 0x0000000088200000| PB 0x0000000088200000| Untracked 
| 131|0x0000000088300000, 0x0000000088300000, 0x0000000088400000|  0%| F|  |TAMS 0x0000000088300000| PB 0x0000000088300000| Untracked 
| 132|0x0000000088400000, 0x0000000088400000, 0x0000000088500000|  0%| F|  |TAMS 0x0000000088400000| PB 0x0000000088400000| Untracked 
| 133|0x0000000088500000, 0x0000000088500000, 0x0000000088600000|  0%| F|  |TAMS 0x0000000088500000| PB 0x0000000088500000| Untracked 
| 134|0x0000000088600000, 0x0000000088600000, 0x0000000088700000|  0%| F|  |TAMS 0x0000000088600000| PB 0x0000000088600000| Untracked 
| 135|0x0000000088700000, 0x0000000088700000, 0x0000000088800000|  0%| F|  |TAMS 0x0000000088700000| PB 0x0000000088700000| Untracked 
| 136|0x0000000088800000, 0x0000000088800000, 0x0000000088900000|  0%| F|  |TAMS 0x0000000088800000| PB 0x0000000088800000| Untracked 
| 137|0x0000000088900000, 0x0000000088900000, 0x0000000088a00000|  0%| F|  |TAMS 0x0000000088900000| PB 0x0000000088900000| Untracked 
| 138|0x0000000088a00000, 0x0000000088a00000, 0x0000000088b00000|  0%| F|  |TAMS 0x0000000088a00000| PB 0x0000000088a00000| Untracked 
| 139|0x0000000088b00000, 0x0000000088b00000, 0x0000000088c00000|  0%| F|  |TAMS 0x0000000088b00000| PB 0x0000000088b00000| Untracked 
| 140|0x0000000088c00000, 0x0000000088c00000, 0x0000000088d00000|  0%| F|  |TAMS 0x0000000088c00000| PB 0x0000000088c00000| Untracked 
| 141|0x0000000088d00000, 0x0000000088d00000, 0x0000000088e00000|  0%| F|  |TAMS 0x0000000088d00000| PB 0x0000000088d00000| Untracked 
| 142|0x0000000088e00000, 0x0000000088e00000, 0x0000000088f00000|  0%| F|  |TAMS 0x0000000088e00000| PB 0x0000000088e00000| Untracked 
| 143|0x0000000088f00000, 0x0000000088f00000, 0x0000000089000000|  0%| F|  |TAMS 0x0000000088f00000| PB 0x0000000088f00000| Untracked 
| 144|0x0000000089000000, 0x0000000089000000, 0x0000000089100000|  0%| F|  |TAMS 0x0000000089000000| PB 0x0000000089000000| Untracked 
| 145|0x0000000089100000, 0x0000000089100000, 0x0000000089200000|  0%| F|  |TAMS 0x0000000089100000| PB 0x0000000089100000| Untracked 
| 146|0x0000000089200000, 0x0000000089200000, 0x0000000089300000|  0%| F|  |TAMS 0x0000000089200000| PB 0x0000000089200000| Untracked 
| 147|0x0000000089300000, 0x0000000089300000, 0x0000000089400000|  0%| F|  |TAMS 0x0000000089300000| PB 0x0000000089300000| Untracked 
| 148|0x0000000089400000, 0x0000000089400000, 0x0000000089500000|  0%| F|  |TAMS 0x0000000089400000| PB 0x0000000089400000| Untracked 
| 149|0x0000000089500000, 0x0000000089500000, 0x0000000089600000|  0%| F|  |TAMS 0x0000000089500000| PB 0x0000000089500000| Untracked 
| 150|0x0000000089600000, 0x0000000089600000, 0x0000000089700000|  0%| F|  |TAMS 0x0000000089600000| PB 0x0000000089600000| Untracked 
| 151|0x0000000089700000, 0x0000000089700000, 0x0000000089800000|  0%| F|  |TAMS 0x0000000089700000| PB 0x0000000089700000| Untracked 
| 152|0x0000000089800000, 0x0000000089800000, 0x0000000089900000|  0%| F|  |TAMS 0x0000000089800000| PB 0x0000000089800000| Untracked 
| 153|0x0000000089900000, 0x0000000089900000, 0x0000000089a00000|  0%| F|  |TAMS 0x0000000089900000| PB 0x0000000089900000| Untracked 
| 154|0x0000000089a00000, 0x0000000089a00000, 0x0000000089b00000|  0%| F|  |TAMS 0x0000000089a00000| PB 0x0000000089a00000| Untracked 
| 155|0x0000000089b00000, 0x0000000089b00000, 0x0000000089c00000|  0%| F|  |TAMS 0x0000000089b00000| PB 0x0000000089b00000| Untracked 
| 156|0x0000000089c00000, 0x0000000089c00000, 0x0000000089d00000|  0%| F|  |TAMS 0x0000000089c00000| PB 0x0000000089c00000| Untracked 
| 157|0x0000000089d00000, 0x0000000089d00000, 0x0000000089e00000|  0%| F|  |TAMS 0x0000000089d00000| PB 0x0000000089d00000| Untracked 
| 158|0x0000000089e00000, 0x0000000089e00000, 0x0000000089f00000|  0%| F|  |TAMS 0x0000000089e00000| PB 0x0000000089e00000| Untracked 
| 159|0x0000000089f00000, 0x0000000089f00000, 0x000000008a000000|  0%| F|  |TAMS 0x0000000089f00000| PB 0x0000000089f00000| Untracked 
| 160|0x000000008a000000, 0x000000008a000000, 0x000000008a100000|  0%| F|  |TAMS 0x000000008a000000| PB 0x000000008a000000| Untracked 
| 161|0x000000008a100000, 0x000000008a100000, 0x000000008a200000|  0%| F|  |TAMS 0x000000008a100000| PB 0x000000008a100000| Untracked 
| 162|0x000000008a200000, 0x000000008a200000, 0x000000008a300000|  0%| F|  |TAMS 0x000000008a200000| PB 0x000000008a200000| Untracked 
| 163|0x000000008a300000, 0x000000008a300000, 0x000000008a400000|  0%| F|  |TAMS 0x000000008a300000| PB 0x000000008a300000| Untracked 
| 164|0x000000008a400000, 0x000000008a400000, 0x000000008a500000|  0%| F|  |TAMS 0x000000008a400000| PB 0x000000008a400000| Untracked 
| 165|0x000000008a500000, 0x000000008a500000, 0x000000008a600000|  0%| F|  |TAMS 0x000000008a500000| PB 0x000000008a500000| Untracked 
| 166|0x000000008a600000, 0x000000008a600000, 0x000000008a700000|  0%| F|  |TAMS 0x000000008a600000| PB 0x000000008a600000| Untracked 
| 167|0x000000008a700000, 0x000000008a700000, 0x000000008a800000|  0%| F|  |TAMS 0x000000008a700000| PB 0x000000008a700000| Untracked 
| 168|0x000000008a800000, 0x000000008a800000, 0x000000008a900000|  0%| F|  |TAMS 0x000000008a800000| PB 0x000000008a800000| Untracked 
| 169|0x000000008a900000, 0x000000008a9923b8, 0x000000008aa00000| 57%| E|  |TAMS 0x000000008a900000| PB 0x000000008a900000| Complete 
| 170|0x000000008aa00000, 0x000000008ab00000, 0x000000008ab00000|100%| E|CS|TAMS 0x000000008aa00000| PB 0x000000008aa00000| Complete 
| 171|0x000000008ab00000, 0x000000008ac00000, 0x000000008ac00000|100%| E|CS|TAMS 0x000000008ab00000| PB 0x000000008ab00000| Complete 
| 172|0x000000008ac00000, 0x000000008ad00000, 0x000000008ad00000|100%| E|CS|TAMS 0x000000008ac00000| PB 0x000000008ac00000| Complete 
| 173|0x000000008ad00000, 0x000000008ae00000, 0x000000008ae00000|100%| E|CS|TAMS 0x000000008ad00000| PB 0x000000008ad00000| Complete 
| 174|0x000000008ae00000, 0x000000008af00000, 0x000000008af00000|100%| E|CS|TAMS 0x000000008ae00000| PB 0x000000008ae00000| Complete 
| 175|0x000000008af00000, 0x000000008b000000, 0x000000008b000000|100%| E|CS|TAMS 0x000000008af00000| PB 0x000000008af00000| Complete 
| 176|0x000000008b000000, 0x000000008b100000, 0x000000008b100000|100%| E|CS|TAMS 0x000000008b000000| PB 0x000000008b000000| Complete 
| 177|0x000000008b100000, 0x000000008b200000, 0x000000008b200000|100%| E|CS|TAMS 0x000000008b100000| PB 0x000000008b100000| Complete 
| 178|0x000000008b200000, 0x000000008b300000, 0x000000008b300000|100%| E|CS|TAMS 0x000000008b200000| PB 0x000000008b200000| Complete 
| 179|0x000000008b300000, 0x000000008b400000, 0x000000008b400000|100%| E|CS|TAMS 0x000000008b300000| PB 0x000000008b300000| Complete 
| 180|0x000000008b400000, 0x000000008b500000, 0x000000008b500000|100%| E|CS|TAMS 0x000000008b400000| PB 0x000000008b400000| Complete 
| 181|0x000000008b500000, 0x000000008b600000, 0x000000008b600000|100%| E|CS|TAMS 0x000000008b500000| PB 0x000000008b500000| Complete 
| 182|0x000000008b600000, 0x000000008b700000, 0x000000008b700000|100%| E|CS|TAMS 0x000000008b600000| PB 0x000000008b600000| Complete 
| 183|0x000000008b700000, 0x000000008b800000, 0x000000008b800000|100%| E|CS|TAMS 0x000000008b700000| PB 0x000000008b700000| Complete 
| 184|0x000000008b800000, 0x000000008b900000, 0x000000008b900000|100%| E|CS|TAMS 0x000000008b800000| PB 0x000000008b800000| Complete 
|2041|0x00000000ff900000, 0x00000000ffa00000, 0x00000000ffa00000|100%| E|CS|TAMS 0x00000000ff900000| PB 0x00000000ff900000| Complete 
|2042|0x00000000ffa00000, 0x00000000ffb00000, 0x00000000ffb00000|100%| O|  |TAMS 0x00000000ffa00000| PB 0x00000000ffa00000| Untracked 
|2043|0x00000000ffb00000, 0x00000000ffc00000, 0x00000000ffc00000|100%| O|  |TAMS 0x00000000ffb00000| PB 0x00000000ffb00000| Untracked 
|2044|0x00000000ffc00000, 0x00000000ffd00000, 0x00000000ffd00000|100%| O|  |TAMS 0x00000000ffc00000| PB 0x00000000ffc00000| Untracked 
|2045|0x00000000ffd00000, 0x00000000ffe00000, 0x00000000ffe00000|100%| O|  |TAMS 0x00000000ffd00000| PB 0x00000000ffd00000| Untracked 
|2046|0x00000000ffe00000, 0x00000000fff00000, 0x00000000fff00000|100%| E|CS|TAMS 0x00000000ffe00000| PB 0x00000000ffe00000| Complete 
|2047|0x00000000fff00000, 0x0000000100000000, 0x0000000100000000|100%| O|  |TAMS 0x00000000fff00000| PB 0x00000000fff00000| Untracked 

Card table byte_map: [0x0000026d60320000,0x0000026d60720000] _byte_map_base: 0x0000026d5ff20000

Marking Bits: (CMBitMap*) 0x0000026d485c7bb0
 Bits: [0x0000026d60720000, 0x0000026d62720000)

Polling page: 0x0000026d463d0000

Metaspace:

Usage:
  Non-class:     78.00 MB used.
      Class:     12.85 MB used.
       Both:     90.85 MB used.

Virtual space:
  Non-class space:      128.00 MB reserved,      79.12 MB ( 62%) committed,  2 nodes.
      Class space:      416.00 MB reserved,      13.94 MB (  3%) committed,  1 nodes.
             Both:      544.00 MB reserved,      93.06 MB ( 17%) committed. 

Chunk freelists:
   Non-Class:  464.00 KB
       Class:  1.94 MB
        Both:  2.39 MB

MaxMetaspaceSize: 512.00 MB
CompressedClassSpaceSize: 416.00 MB
Initial GC threshold: 21.00 MB
Current GC threshold: 126.06 MB
CDS: on
 - commit_granule_bytes: 65536.
 - commit_granule_words: 8192.
 - virtual_space_node_default_size: 8388608.
 - enlarge_chunks_in_place: 1.
 - use_allocation_guard: 0.


Internal statistics:

num_allocs_failed_limit: 12.
num_arena_births: 3940.
num_arena_deaths: 0.
num_vsnodes_births: 3.
num_vsnodes_deaths: 0.
num_space_committed: 1489.
num_space_uncommitted: 0.
num_chunks_returned_to_freelist: 12.
num_chunks_taken_from_freelist: 8162.
num_chunk_merges: 9.
num_chunk_splits: 5357.
num_chunks_enlarged: 3413.
num_inconsistent_stats: 0.

CodeHeap 'non-profiled nmethods': size=120000Kb used=5630Kb max_used=5630Kb free=114370Kb
 bounds [0x0000026d58490000, 0x0000026d58a10000, 0x0000026d5f9c0000]
CodeHeap 'profiled nmethods': size=120000Kb used=19013Kb max_used=19013Kb free=100987Kb
 bounds [0x0000026d509c0000, 0x0000026d51c60000, 0x0000026d57ef0000]
CodeHeap 'non-nmethods': size=5760Kb used=3122Kb max_used=3157Kb free=2637Kb
 bounds [0x0000026d57ef0000, 0x0000026d58210000, 0x0000026d58490000]
 total_blobs=10683 nmethods=9730 adapters=856
 compilation: enabled
              stopped_count=0, restarted_count=0
 full_count=0

Compilation events (20 events):
Event: 21.378 Thread 0x0000026d653ac580 nmethod 11080 0x0000026d51c27090 code [0x0000026d51c27260, 0x0000026d51c275f8]
Event: 21.379 Thread 0x0000026d653a9ec0 11081       4       jdk.internal.loader.ClassLoaders::platformClassLoader (4 bytes)
Event: 21.379 Thread 0x0000026d653a9ec0 nmethod 11081 0x0000026d58a0c010 code [0x0000026d58a0c1a0, 0x0000026d58a0c210]
Event: 21.379 Thread 0x0000026d653ac580 11082       1       com.sun.org.apache.xerces.internal.utils.XMLSecurityManager$Limit::systemProperty (5 bytes)
Event: 21.379 Thread 0x0000026d653ac580 nmethod 11082 0x0000026d58a0c310 code [0x0000026d58a0c4a0, 0x0000026d58a0c568]
Event: 21.415 Thread 0x0000026d653ac580 11083       1       com.sun.org.apache.xerces.internal.util.Status::isExceptional (5 bytes)
Event: 21.416 Thread 0x0000026d653ac580 nmethod 11083 0x0000026d58a0c610 code [0x0000026d58a0c7a0, 0x0000026d58a0c870]
Event: 21.422 Thread 0x0000026d653ac580 11084       3       java.util.Arrays::fill (28 bytes)
Event: 21.422 Thread 0x0000026d653ac580 nmethod 11084 0x0000026d51c27710 code [0x0000026d51c278c0, 0x0000026d51c27ae0]
Event: 21.422 Thread 0x0000026d653a9ec0 11085 %     4       java.util.Arrays::fill @ 10 (28 bytes)
Event: 21.424 Thread 0x0000026d653a9ec0 nmethod 11085% 0x0000026d58a0c910 code [0x0000026d58a0caa0, 0x0000026d58a0cc88]
Event: 21.427 Thread 0x0000026d653ac580 11086       3       org.gradle.api.internal.file.DefaultFileCollectionFactory$ResolvingFileCollection::visitChildren (35 bytes)
Event: 21.427 Thread 0x0000026d653ac580 nmethod 11086 0x0000026d51c27c10 code [0x0000026d51c27dc0, 0x0000026d51c27fd8]
Event: 21.432 Thread 0x0000026d653a9ec0 11087       4       java.lang.String::<init> (10 bytes)
Event: 21.432 Thread 0x0000026d653ac580 11088       3       sun.invoke.util.ValueConversions::boxInteger (5 bytes)
Event: 21.432 Thread 0x0000026d653ac580 nmethod 11088 0x0000026d51c28110 code [0x0000026d51c282e0, 0x0000026d51c28658]
Event: 21.433 Thread 0x0000026d653ac580 11090       3       java.lang.invoke.MethodType::asSpreaderType (173 bytes)
Event: 21.433 Thread 0x0000026d653ac580 nmethod 11090 0x0000026d51c28790 code [0x0000026d51c28a60, 0x0000026d51c29958]
Event: 21.434 Thread 0x0000026d653a9ec0 nmethod 11087 0x0000026d58a0cd90 code [0x0000026d58a0cf40, 0x0000026d58a0d588]
Event: 21.434 Thread 0x0000026d653a9ec0 11089       4       org.objectweb.asm.MethodWriter::visitLabel (328 bytes)

GC Heap History (20 events):
Event: 10.392 GC heap before
{Heap before GC invocations=16 (full 0):
 garbage-first heap   total 118784K, used 104543K [0x0000000080000000, 0x0000000100000000)
  region size 1024K, 48 young (49152K), 6 survivors (6144K)
 Metaspace       used 66600K, committed 68544K, reserved 491520K
  class space    used 9544K, committed 10496K, reserved 425984K
}
Event: 10.399 GC heap after
{Heap after GC invocations=17 (full 0):
 garbage-first heap   total 118784K, used 64362K [0x0000000080000000, 0x0000000100000000)
  region size 1024K, 6 young (6144K), 6 survivors (6144K)
 Metaspace       used 66600K, committed 68544K, reserved 491520K
  class space    used 9544K, committed 10496K, reserved 425984K
}
Event: 12.211 GC heap before
{Heap before GC invocations=17 (full 0):
 garbage-first heap   total 118784K, used 103274K [0x0000000080000000, 0x0000000100000000)
  region size 1024K, 45 young (46080K), 6 survivors (6144K)
 Metaspace       used 69291K, committed 71296K, reserved 491520K
  class space    used 9952K, committed 10944K, reserved 425984K
}
Event: 12.219 GC heap after
{Heap after GC invocations=18 (full 0):
 garbage-first heap   total 118784K, used 67920K [0x0000000080000000, 0x0000000100000000)
  region size 1024K, 6 young (6144K), 6 survivors (6144K)
 Metaspace       used 69291K, committed 71296K, reserved 491520K
  class space    used 9952K, committed 10944K, reserved 425984K
}
Event: 12.859 GC heap before
{Heap before GC invocations=19 (full 0):
 garbage-first heap   total 118784K, used 108880K [0x0000000080000000, 0x0000000100000000)
  region size 1024K, 42 young (43008K), 6 survivors (6144K)
 Metaspace       used 70726K, committed 72768K, reserved 491520K
  class space    used 10126K, committed 11136K, reserved 425984K
}
Event: 12.865 GC heap after
{Heap after GC invocations=20 (full 0):
 garbage-first heap   total 123904K, used 79830K [0x0000000080000000, 0x0000000100000000)
  region size 1024K, 6 young (6144K), 6 survivors (6144K)
 Metaspace       used 70726K, committed 72768K, reserved 491520K
  class space    used 10126K, committed 11136K, reserved 425984K
}
Event: 13.146 GC heap before
{Heap before GC invocations=20 (full 0):
 garbage-first heap   total 123904K, used 110550K [0x0000000080000000, 0x0000000100000000)
  region size 1024K, 36 young (36864K), 6 survivors (6144K)
 Metaspace       used 73518K, committed 75584K, reserved 491520K
  class space    used 10431K, committed 11456K, reserved 425984K
}
Event: 13.149 GC heap after
{Heap after GC invocations=21 (full 0):
 garbage-first heap   total 123904K, used 80451K [0x0000000080000000, 0x0000000100000000)
  region size 1024K, 2 young (2048K), 2 survivors (2048K)
 Metaspace       used 73518K, committed 75584K, reserved 491520K
  class space    used 10431K, committed 11456K, reserved 425984K
}
Event: 13.348 GC heap before
{Heap before GC invocations=21 (full 0):
 garbage-first heap   total 123904K, used 93763K [0x0000000080000000, 0x0000000100000000)
  region size 1024K, 16 young (16384K), 2 survivors (2048K)
 Metaspace       used 75381K, committed 77440K, reserved 557056K
  class space    used 10640K, committed 11712K, reserved 425984K
}
Event: 13.351 GC heap after
{Heap after GC invocations=22 (full 0):
 garbage-first heap   total 123904K, used 81847K [0x0000000080000000, 0x0000000100000000)
  region size 1024K, 3 young (3072K), 3 survivors (3072K)
 Metaspace       used 75381K, committed 77440K, reserved 557056K
  class space    used 10640K, committed 11712K, reserved 425984K
}
Event: 13.637 GC heap before
{Heap before GC invocations=23 (full 0):
 garbage-first heap   total 163840K, used 117687K [0x0000000080000000, 0x0000000100000000)
  region size 1024K, 32 young (32768K), 3 survivors (3072K)
 Metaspace       used 76670K, committed 78720K, reserved 557056K
  class space    used 10819K, committed 11840K, reserved 425984K
}
Event: 13.642 GC heap after
{Heap after GC invocations=24 (full 0):
 garbage-first heap   total 163840K, used 85180K [0x0000000080000000, 0x0000000100000000)
  region size 1024K, 4 young (4096K), 4 survivors (4096K)
 Metaspace       used 76670K, committed 78720K, reserved 557056K
  class space    used 10819K, committed 11840K, reserved 425984K
}
Event: 15.128 GC heap before
{Heap before GC invocations=24 (full 0):
 garbage-first heap   total 163840K, used 136380K [0x0000000080000000, 0x0000000100000000)
  region size 1024K, 54 young (55296K), 4 survivors (4096K)
 Metaspace       used 80500K, committed 82560K, reserved 557056K
  class space    used 11318K, committed 12352K, reserved 425984K
}
Event: 15.136 GC heap after
{Heap after GC invocations=25 (full 0):
 garbage-first heap   total 196608K, used 87448K [0x0000000080000000, 0x0000000100000000)
  region size 1024K, 6 young (6144K), 6 survivors (6144K)
 Metaspace       used 80500K, committed 82560K, reserved 557056K
  class space    used 11318K, committed 12352K, reserved 425984K
}
Event: 19.173 GC heap before
{Heap before GC invocations=25 (full 0):
 garbage-first heap   total 196608K, used 158104K [0x0000000080000000, 0x0000000100000000)
  region size 1024K, 75 young (76800K), 6 survivors (6144K)
 Metaspace       used 82649K, committed 84736K, reserved 557056K
  class space    used 11616K, committed 12672K, reserved 425984K
}
Event: 19.179 GC heap after
{Heap after GC invocations=26 (full 0):
 garbage-first heap   total 196608K, used 93048K [0x0000000080000000, 0x0000000100000000)
  region size 1024K, 9 young (9216K), 9 survivors (9216K)
 Metaspace       used 82649K, committed 84736K, reserved 557056K
  class space    used 11616K, committed 12672K, reserved 425984K
}
Event: 20.162 GC heap before
{Heap before GC invocations=26 (full 0):
 garbage-first heap   total 196608K, used 162680K [0x0000000080000000, 0x0000000100000000)
  region size 1024K, 77 young (78848K), 9 survivors (9216K)
 Metaspace       used 87447K, committed 89600K, reserved 557056K
  class space    used 12440K, committed 13504K, reserved 425984K
}
Event: 20.167 GC heap after
{Heap after GC invocations=27 (full 0):
 garbage-first heap   total 196608K, used 95619K [0x0000000080000000, 0x0000000100000000)
  region size 1024K, 3 young (3072K), 3 survivors (3072K)
 Metaspace       used 87447K, committed 89600K, reserved 557056K
  class space    used 12440K, committed 13504K, reserved 425984K
}
Event: 21.274 GC heap before
{Heap before GC invocations=27 (full 0):
 garbage-first heap   total 196608K, used 171395K [0x0000000080000000, 0x0000000100000000)
  region size 1024K, 74 young (75776K), 3 survivors (3072K)
 Metaspace       used 91030K, committed 93248K, reserved 557056K
  class space    used 12908K, committed 14016K, reserved 425984K
}
Event: 21.279 GC heap after
{Heap after GC invocations=28 (full 0):
 garbage-first heap   total 196608K, used 107498K [0x0000000080000000, 0x0000000100000000)
  region size 1024K, 10 young (10240K), 10 survivors (10240K)
 Metaspace       used 91030K, committed 93248K, reserved 557056K
  class space    used 12908K, committed 14016K, reserved 425984K
}

Dll operation events (15 events):
Event: 0.011 Loaded shared library C:\Program Files\Java\jdk-21\bin\java.dll
Event: 0.045 Loaded shared library C:\Program Files\Java\jdk-21\bin\jsvml.dll
Event: 0.071 Loaded shared library C:\Program Files\Java\jdk-21\bin\zip.dll
Event: 0.075 Loaded shared library C:\Program Files\Java\jdk-21\bin\instrument.dll
Event: 0.078 Loaded shared library C:\Program Files\Java\jdk-21\bin\net.dll
Event: 0.080 Loaded shared library C:\Program Files\Java\jdk-21\bin\nio.dll
Event: 0.083 Loaded shared library C:\Program Files\Java\jdk-21\bin\zip.dll
Event: 0.263 Loaded shared library C:\Program Files\Java\jdk-21\bin\jimage.dll
Event: 0.348 Loaded shared library C:\Program Files\Java\jdk-21\bin\verify.dll
Event: 0.503 Loaded shared library C:\Users\yashv\.gradle\native\68d5fa5c4cc2d200863cafc0d521ce42e7d3e7ee720ec0a83991735586a16f82\windows-amd64\native-platform.dll
Event: 0.511 Loaded shared library C:\Users\yashv\.gradle\native\e376f236ea51e6404a007f0833ffe2c6e607c4080706a723a18a27aeea778392\windows-amd64\native-platform-file-events.dll
Event: 1.736 Loaded shared library C:\Program Files\Java\jdk-21\bin\management.dll
Event: 1.738 Loaded shared library C:\Program Files\Java\jdk-21\bin\management_ext.dll
Event: 1.901 Loaded shared library C:\Program Files\Java\jdk-21\bin\extnet.dll
Event: 1.998 Loaded shared library C:\Program Files\Java\jdk-21\bin\sunmscapi.dll

Deoptimization events (20 events):
Event: 20.999 Thread 0x0000026d6faa5a10 DEOPT PACKING pc=0x0000026d585a9fd8 sp=0x000000fa577fed60
Event: 20.999 Thread 0x0000026d6faa5a10 DEOPT UNPACKING pc=0x0000026d57f47da2 sp=0x000000fa577fecc8 mode 2
Event: 21.093 Thread 0x0000026d6b92fd90 DEOPT PACKING pc=0x0000026d50bde1c0 sp=0x000000fa50ff7380
Event: 21.093 Thread 0x0000026d6b92fd90 DEOPT UNPACKING pc=0x0000026d57f488e2 sp=0x000000fa50ff6890 mode 0
Event: 21.298 Thread 0x0000026d6b92fd90 Uncommon trap: trap_request=0xffffff45 fr.pc=0x0000026d5863e5d4 relative=0x0000000000000294
Event: 21.298 Thread 0x0000026d6b92fd90 Uncommon trap: reason=unstable_if action=reinterpret pc=0x0000026d5863e5d4 method=java.util.jar.JarFile.match([B[B[B[B)I @ 52 c2
Event: 21.298 Thread 0x0000026d6b92fd90 DEOPT PACKING pc=0x0000026d5863e5d4 sp=0x000000fa50ff6eb0
Event: 21.298 Thread 0x0000026d6b92fd90 DEOPT UNPACKING pc=0x0000026d57f47da2 sp=0x000000fa50ff6e20 mode 2
Event: 21.345 Thread 0x0000026d6b92fd90 Uncommon trap: trap_request=0xffffff45 fr.pc=0x0000026d589cab30 relative=0x0000000000000fb0
Event: 21.345 Thread 0x0000026d6b92fd90 Uncommon trap: reason=unstable_if action=reinterpret pc=0x0000026d589cab30 method=java.io.WinNTFileSystem.resolve(Ljava/lang/String;Ljava/lang/String;)Ljava/lang/String; @ 83 c2
Event: 21.345 Thread 0x0000026d6b92fd90 DEOPT PACKING pc=0x0000026d589cab30 sp=0x000000fa50ff8350
Event: 21.345 Thread 0x0000026d6b92fd90 DEOPT UNPACKING pc=0x0000026d57f47da2 sp=0x000000fa50ff82f0 mode 2
Event: 21.347 Thread 0x0000026d6b92fd90 Uncommon trap: trap_request=0xffffff45 fr.pc=0x0000026d5893ca0c relative=0x0000000000001c8c
Event: 21.347 Thread 0x0000026d6b92fd90 Uncommon trap: reason=unstable_if action=reinterpret pc=0x0000026d5893ca0c method=groovy.lang.MetaClassImpl.checkIfStdMethod(Lgroovy/lang/MetaMethod;)V @ 167 c2
Event: 21.347 Thread 0x0000026d6b92fd90 DEOPT PACKING pc=0x0000026d5893ca0c sp=0x000000fa50ff8330
Event: 21.347 Thread 0x0000026d6b92fd90 DEOPT UNPACKING pc=0x0000026d57f47da2 sp=0x000000fa50ff82d0 mode 2
Event: 21.350 Thread 0x0000026d6b92fd90 Uncommon trap: trap_request=0xffffff45 fr.pc=0x0000026d5893f1a8 relative=0x0000000000000c08
Event: 21.350 Thread 0x0000026d6b92fd90 Uncommon trap: reason=unstable_if action=reinterpret pc=0x0000026d5893f1a8 method=groovy.lang.MetaClassImpl.checkIfStdMethod(Lgroovy/lang/MetaMethod;)V @ 167 c2
Event: 21.350 Thread 0x0000026d6b92fd90 DEOPT PACKING pc=0x0000026d5893f1a8 sp=0x000000fa50ff8310
Event: 21.350 Thread 0x0000026d6b92fd90 DEOPT UNPACKING pc=0x0000026d57f47da2 sp=0x000000fa50ff82d8 mode 2

Classes loaded (20 events):
Event: 21.423 Loading class com/sun/org/apache/xerces/internal/impl/Constants
Event: 21.424 Loading class com/sun/org/apache/xerces/internal/impl/Constants done
Event: 21.424 Loading class com/sun/org/apache/xerces/internal/impl/Constants$ArrayEnumeration
Event: 21.424 Loading class com/sun/org/apache/xerces/internal/impl/Constants$ArrayEnumeration done
Event: 21.424 Loading class com/sun/org/apache/xerces/internal/impl/io/MalformedByteSequenceException
Event: 21.424 Loading class java/io/CharConversionException
Event: 21.424 Loading class java/io/CharConversionException done
Event: 21.424 Loading class com/sun/org/apache/xerces/internal/impl/io/MalformedByteSequenceException done
Event: 21.424 Loading class com/sun/org/apache/xerces/internal/dom/DeepNodeListImpl
Event: 21.425 Loading class com/sun/org/apache/xerces/internal/dom/DeepNodeListImpl done
Event: 21.425 Loading class com/sun/org/apache/xerces/internal/dom/DeferredElementImpl
Event: 21.425 Loading class com/sun/org/apache/xerces/internal/dom/DeferredElementImpl done
Event: 21.425 Loading class com/sun/org/apache/xerces/internal/dom/AttributeMap
Event: 21.425 Loading class com/sun/org/apache/xerces/internal/dom/NamedNodeMapImpl
Event: 21.426 Loading class com/sun/org/apache/xerces/internal/dom/NamedNodeMapImpl done
Event: 21.426 Loading class com/sun/org/apache/xerces/internal/dom/AttributeMap done
Event: 21.426 Loading class com/sun/org/apache/xerces/internal/dom/DeferredAttrImpl
Event: 21.426 Loading class com/sun/org/apache/xerces/internal/dom/AttrImpl
Event: 21.426 Loading class com/sun/org/apache/xerces/internal/dom/AttrImpl done
Event: 21.426 Loading class com/sun/org/apache/xerces/internal/dom/DeferredAttrImpl done

Classes unloaded (0 events):
No events

Classes redefined (0 events):
No events

Internal exceptions (20 events):
Event: 21.340 Thread 0x0000026d6b92fd90 Exception <a 'java/lang/ClassNotFoundException'{0x000000008b418720}: com/android/build/gradle/internal/CompileOptions$AgpDecorated_DecoratedBeanInfo> (0x000000008b418720) 
thrown [s\open\src\hotspot\share\classfile\systemDictionary.cpp, line 312]
Event: 21.340 Thread 0x0000026d6b92fd90 Exception <a 'java/lang/ClassNotFoundException'{0x000000008b425cc0}: com/android/build/gradle/internal/CompileOptions$AgpDecoratedBeanInfo> (0x000000008b425cc0) 
thrown [s\open\src\hotspot\share\classfile\systemDictionary.cpp, line 312]
Event: 21.340 Thread 0x0000026d6b92fd90 Exception <a 'java/lang/ClassNotFoundException'{0x000000008b4330f8}: com/android/build/gradle/internal/CompileOptionsBeanInfo> (0x000000008b4330f8) 
thrown [s\open\src\hotspot\share\classfile\systemDictionary.cpp, line 312]
Event: 21.341 Thread 0x0000026d6b92fd90 Exception <a 'java/lang/ClassNotFoundException'{0x000000008b440530}: com/android/build/gradle/internal/CompileOptionsCustomizer> (0x000000008b440530) 
thrown [s\open\src\hotspot\share\classfile\systemDictionary.cpp, line 312]
Event: 21.341 Thread 0x0000026d6b92fd90 Exception <a 'java/lang/ClassNotFoundException'{0x000000008b458b40}: com/android/build/gradle/internal/CompileOptions$AgpDecoratedCustomizer> (0x000000008b458b40) 
thrown [s\open\src\hotspot\share\classfile\systemDictionary.cpp, line 312]
Event: 21.341 Thread 0x0000026d6b92fd90 Exception <a 'java/lang/ClassNotFoundException'{0x000000008b4697f8}: com/android/build/gradle/internal/CompileOptions$AgpDecorated_DecoratedCustomizer> (0x000000008b4697f8) 
thrown [s\open\src\hotspot\share\classfile\systemDictionary.cpp, line 312]
Event: 21.358 Thread 0x0000026d6b92fd90 Exception <a 'java/lang/ClassNotFoundException'{0x000000008b3cb6a8}: java/lang/IntegerBeanInfo> (0x000000008b3cb6a8) 
thrown [s\open\src\hotspot\share\classfile\systemDictionary.cpp, line 312]
Event: 21.358 Thread 0x0000026d6b92fd90 Exception <a 'java/lang/ClassNotFoundException'{0x000000008b3d4170}: java/lang/NumberBeanInfo> (0x000000008b3d4170) 
thrown [s\open\src\hotspot\share\classfile\systemDictionary.cpp, line 312]
Event: 21.358 Thread 0x0000026d6b92fd90 Exception <a 'java/lang/ClassNotFoundException'{0x000000008b3dcc30}: java/lang/NumberCustomizer> (0x000000008b3dcc30) 
thrown [s\open\src\hotspot\share\classfile\systemDictionary.cpp, line 312]
Event: 21.359 Thread 0x0000026d6b92fd90 Exception <a 'java/lang/ClassNotFoundException'{0x000000008b3e80b0}: java/lang/IntegerCustomizer> (0x000000008b3e80b0) 
thrown [s\open\src\hotspot\share\classfile\systemDictionary.cpp, line 312]
Event: 21.366 Thread 0x0000026d6b92fd90 Exception <a 'java/lang/ClassNotFoundException'{0x000000008b2b4048}: org/gradle/api/internal/artifacts/repositories/DefaultMavenArtifactRepository_DecoratedBeanInfo> (0x000000008b2b4048) 
thrown [s\open\src\hotspot\share\classfile\systemDictionary.cpp, line 312]
Event: 21.367 Thread 0x0000026d6b92fd90 Exception <a 'java/lang/ClassNotFoundException'{0x000000008b2cc780}: org/gradle/api/internal/artifacts/repositories/DefaultMavenArtifactRepositoryBeanInfo> (0x000000008b2cc780) 
thrown [s\open\src\hotspot\share\classfile\systemDictionary.cpp, line 312]
Event: 21.367 Thread 0x0000026d6b92fd90 Exception <a 'java/lang/ClassNotFoundException'{0x000000008b2e5dc0}: org/gradle/api/internal/artifacts/repositories/AbstractAuthenticationSupportedRepositoryBeanInfo> (0x000000008b2e5dc0) 
thrown [s\open\src\hotspot\share\classfile\systemDictionary.cpp, line 312]
Event: 21.368 Thread 0x0000026d6b92fd90 Exception <a 'java/lang/ClassNotFoundException'{0x000000008b1001b8}: org/gradle/api/internal/artifacts/repositories/AbstractResolutionAwareArtifactRepositoryBeanInfo> (0x000000008b1001b8) 
thrown [s\open\src\hotspot\share\classfile\systemDictionary.cpp, line 312]
Event: 21.369 Thread 0x0000026d6b92fd90 Exception <a 'java/lang/ClassNotFoundException'{0x000000008b11ae08}: org/gradle/api/internal/artifacts/repositories/AbstractArtifactRepositoryBeanInfo> (0x000000008b11ae08) 
thrown [s\open\src\hotspot\share\classfile\systemDictionary.cpp, line 312]
Event: 21.369 Thread 0x0000026d6b92fd90 Exception <a 'java/lang/ClassNotFoundException'{0x000000008b134a88}: org/gradle/api/internal/artifacts/repositories/AbstractArtifactRepositoryCustomizer> (0x000000008b134a88) 
thrown [s\open\src\hotspot\share\classfile\systemDictionary.cpp, line 312]
Event: 21.370 Thread 0x0000026d6b92fd90 Exception <a 'java/lang/ClassNotFoundException'{0x000000008b169938}: org/gradle/api/internal/artifacts/repositories/AbstractResolutionAwareArtifactRepositoryCustomizer> (0x000000008b169938) 
thrown [s\open\src\hotspot\share\classfile\systemDictionary.cpp, line 312]
Event: 21.371 Thread 0x0000026d6b92fd90 Exception <a 'java/lang/ClassNotFoundException'{0x000000008b18bb70}: org/gradle/api/internal/artifacts/repositories/AbstractAuthenticationSupportedRepositoryCustomizer> (0x000000008b18bb70) 
thrown [s\open\src\hotspot\share\classfile\systemDictionary.cpp, line 312]
Event: 21.372 Thread 0x0000026d6b92fd90 Exception <a 'java/lang/ClassNotFoundException'{0x000000008b1b6fd0}: org/gradle/api/internal/artifacts/repositories/DefaultMavenArtifactRepositoryCustomizer> (0x000000008b1b6fd0) 
thrown [s\open\src\hotspot\share\classfile\systemDictionary.cpp, line 312]
Event: 21.374 Thread 0x0000026d6b92fd90 Exception <a 'java/lang/ClassNotFoundException'{0x000000008b1e8448}: org/gradle/api/internal/artifacts/repositories/DefaultMavenArtifactRepository_DecoratedCustomizer> (0x000000008b1e8448) 
thrown [s\open\src\hotspot\share\classfile\systemDictionary.cpp, line 312]

ZGC Phase Switch (0 events):
No events

VM Operations (20 events):
Event: 16.726 Executing VM operation: Cleanup
Event: 16.726 Executing VM operation: Cleanup done
Event: 18.736 Executing VM operation: Cleanup
Event: 18.736 Executing VM operation: Cleanup done
Event: 19.172 Executing VM operation: G1CollectForAllocation (G1 Evacuation Pause)
Event: 19.179 Executing VM operation: G1CollectForAllocation (G1 Evacuation Pause) done
Event: 19.210 Executing VM operation: HandshakeAllThreads (Deoptimize)
Event: 19.211 Executing VM operation: HandshakeAllThreads (Deoptimize) done
Event: 19.313 Executing VM operation: HandshakeAllThreads (Deoptimize)
Event: 19.313 Executing VM operation: HandshakeAllThreads (Deoptimize) done
Event: 20.162 Executing VM operation: G1CollectForAllocation (G1 Evacuation Pause)
Event: 20.167 Executing VM operation: G1CollectForAllocation (G1 Evacuation Pause) done
Event: 20.786 Executing VM operation: ICBufferFull
Event: 20.786 Executing VM operation: ICBufferFull done
Event: 21.015 Executing VM operation: ICBufferFull
Event: 21.015 Executing VM operation: ICBufferFull done
Event: 21.274 Executing VM operation: G1CollectForAllocation (G1 Evacuation Pause)
Event: 21.280 Executing VM operation: G1CollectForAllocation (G1 Evacuation Pause) done
Event: 21.393 Executing VM operation: HandshakeAllThreads (Deoptimize)
Event: 21.393 Executing VM operation: HandshakeAllThreads (Deoptimize) done

Events (20 events):
Event: 13.388 Thread 0x0000026d6534cf00 flushing nmethod 0x0000026d585c4d10
Event: 13.388 Thread 0x0000026d6534cf00 flushing nmethod 0x0000026d584e1510
Event: 13.388 Thread 0x0000026d6534cf00 flushing nmethod 0x0000026d584ec990
Event: 13.388 Thread 0x0000026d6534cf00 flushing nmethod 0x0000026d584fa710
Event: 13.388 Thread 0x0000026d6534cf00 flushing nmethod 0x0000026d584e3890
Event: 13.388 Thread 0x0000026d6534cf00 flushing nmethod 0x0000026d584d0e90
Event: 13.388 Thread 0x0000026d6534cf00 flushing nmethod 0x0000026d584b5290
Event: 20.581 Thread 0x0000026d70411e00 Thread added: 0x0000026d70411e00
Event: 20.996 Thread 0x0000026d6faa5a10 Thread added: 0x0000026d6faa5a10
Event: 20.997 Thread 0x0000026d6dddd8e0 Thread added: 0x0000026d6dddd8e0
Event: 20.997 Thread 0x0000026d6dde2110 Thread added: 0x0000026d6dde2110
Event: 20.997 Thread 0x0000026d6ddddf70 Thread added: 0x0000026d6ddddf70
Event: 20.997 Thread 0x0000026d6dddb180 Thread added: 0x0000026d6dddb180
Event: 20.997 Thread 0x0000026d6dddbea0 Thread added: 0x0000026d6dddbea0
Event: 20.997 Thread 0x0000026d6dde0040 Thread added: 0x0000026d6dde0040
Event: 20.998 Thread 0x0000026d6dde1a80 Thread added: 0x0000026d6dde1a80
Event: 20.998 Thread 0x0000026d6dddc530 Thread added: 0x0000026d6dddc530
Event: 20.998 Thread 0x0000026d6dde13f0 Thread added: 0x0000026d6dde13f0
Event: 20.998 Thread 0x0000026d6dddf9b0 Thread added: 0x0000026d6dddf9b0
Event: 21.300 Thread 0x0000026d70411e00 Thread exited: 0x0000026d70411e00


Dynamic libraries:
0x00007ff794860000 - 0x00007ff794870000 	C:\Program Files\Java\jdk-21\bin\java.exe
0x00007ffb26550000 - 0x00007ffb26767000 	C:\Windows\SYSTEM32\ntdll.dll
0x00007ffb25750000 - 0x00007ffb25814000 	C:\Windows\System32\KERNEL32.DLL
0x00007ffb23890000 - 0x00007ffb23c36000 	C:\Windows\System32\KERNELBASE.dll
0x00007ffb23ff0000 - 0x00007ffb24101000 	C:\Windows\System32\ucrtbase.dll
0x00007ffac6170000 - 0x00007ffac6189000 	C:\Program Files\Java\jdk-21\bin\jli.dll
0x00007ffac4140000 - 0x00007ffac415b000 	C:\Program Files\Java\jdk-21\bin\VCRUNTIME140.dll
0x00007ffb25190000 - 0x00007ffb25243000 	C:\Windows\System32\ADVAPI32.dll
0x00007ffb25960000 - 0x00007ffb25a07000 	C:\Windows\System32\msvcrt.dll
0x00007ffb254f0000 - 0x00007ffb25598000 	C:\Windows\System32\sechost.dll
0x00007ffb23e80000 - 0x00007ffb23ea8000 	C:\Windows\System32\bcrypt.dll
0x00007ffb252d0000 - 0x00007ffb253e7000 	C:\Windows\System32\RPCRT4.dll
0x00007ffb255a0000 - 0x00007ffb2574e000 	C:\Windows\System32\USER32.dll
0x00007ffb23e50000 - 0x00007ffb23e76000 	C:\Windows\System32\win32u.dll
0x00007ffb05ac0000 - 0x00007ffb05d53000 	C:\Windows\WinSxS\amd64_microsoft.windows.common-controls_6595b64144ccf1df_6.0.22621.2506_none_270c5ae97388e100\COMCTL32.dll
0x00007ffb25aa0000 - 0x00007ffb25ac9000 	C:\Windows\System32\GDI32.dll
0x00007ffb24110000 - 0x00007ffb24228000 	C:\Windows\System32\gdi32full.dll
0x00007ffb23db0000 - 0x00007ffb23e4a000 	C:\Windows\System32\msvcp_win.dll
0x00007ffb1a0d0000 - 0x00007ffb1a0da000 	C:\Windows\SYSTEM32\VERSION.dll
0x00007ffb24610000 - 0x00007ffb24641000 	C:\Windows\System32\IMM32.DLL
0x00007ffafe9b0000 - 0x00007ffafe9bc000 	C:\Program Files\Java\jdk-21\bin\vcruntime140_1.dll
0x00007ffa97ad0000 - 0x00007ffa97b5e000 	C:\Program Files\Java\jdk-21\bin\msvcp140.dll
0x00007ffa91cd0000 - 0x00007ffa929e5000 	C:\Program Files\Java\jdk-21\bin\server\jvm.dll
0x00007ffb25250000 - 0x00007ffb252c1000 	C:\Windows\System32\WS2_32.dll
0x00007ffb22700000 - 0x00007ffb2274d000 	C:\Windows\SYSTEM32\POWRPROF.dll
0x00007ffb19e20000 - 0x00007ffb19e54000 	C:\Windows\SYSTEM32\WINMM.dll
0x00007ffb226e0000 - 0x00007ffb226f3000 	C:\Windows\SYSTEM32\UMPDC.dll
0x00007ffb229c0000 - 0x00007ffb229d8000 	C:\Windows\SYSTEM32\kernel.appcore.dll
0x00007ffafe710000 - 0x00007ffafe71a000 	C:\Program Files\Java\jdk-21\bin\jimage.dll
0x00007ffb20be0000 - 0x00007ffb20e13000 	C:\Windows\SYSTEM32\DBGHELP.DLL
0x00007ffb24df0000 - 0x00007ffb25179000 	C:\Windows\System32\combase.dll
0x00007ffb24730000 - 0x00007ffb24807000 	C:\Windows\System32\OLEAUT32.dll
0x00007ffb17ee0000 - 0x00007ffb17f12000 	C:\Windows\SYSTEM32\dbgcore.DLL
0x00007ffb23f70000 - 0x00007ffb23fea000 	C:\Windows\System32\bcryptPrimitives.dll
0x00007ffaed220000 - 0x00007ffaed22f000 	C:\Program Files\Java\jdk-21\bin\instrument.dll
0x00007ffac00b0000 - 0x00007ffac00cf000 	C:\Program Files\Java\jdk-21\bin\java.dll
0x00007ffb25cb0000 - 0x00007ffb2650b000 	C:\Windows\System32\SHELL32.dll
0x00007ffb217b0000 - 0x00007ffb220a6000 	C:\Windows\SYSTEM32\windows.storage.dll
0x00007ffb21670000 - 0x00007ffb217ae000 	C:\Windows\SYSTEM32\wintypes.dll
0x00007ffb24870000 - 0x00007ffb24963000 	C:\Windows\System32\SHCORE.dll
0x00007ffb24810000 - 0x00007ffb2486e000 	C:\Windows\System32\shlwapi.dll
0x00007ffb237c0000 - 0x00007ffb237e6000 	C:\Windows\SYSTEM32\profapi.dll
0x00007ffa979f0000 - 0x00007ffa97ac7000 	C:\Program Files\Java\jdk-21\bin\jsvml.dll
0x00007ffa97580000 - 0x00007ffa97598000 	C:\Program Files\Java\jdk-21\bin\zip.dll
0x00007ffafe690000 - 0x00007ffafe6a0000 	C:\Program Files\Java\jdk-21\bin\net.dll
0x00007ffb1b5b0000 - 0x00007ffb1b6e7000 	C:\Windows\SYSTEM32\WINHTTP.dll
0x00007ffb22e40000 - 0x00007ffb22ea9000 	C:\Windows\system32\mswsock.dll
0x00007ffabc9f0000 - 0x00007ffabca06000 	C:\Program Files\Java\jdk-21\bin\nio.dll
0x00007ffaec9e0000 - 0x00007ffaec9f0000 	C:\Program Files\Java\jdk-21\bin\verify.dll
0x00007ffa96f20000 - 0x00007ffa96f47000 	C:\Users\yashv\.gradle\native\68d5fa5c4cc2d200863cafc0d521ce42e7d3e7ee720ec0a83991735586a16f82\windows-amd64\native-platform.dll
0x00007ffa8ffb0000 - 0x00007ffa900f4000 	C:\Users\yashv\.gradle\native\e376f236ea51e6404a007f0833ffe2c6e607c4080706a723a18a27aeea778392\windows-amd64\native-platform-file-events.dll
0x00007ffaf3380000 - 0x00007ffaf338a000 	C:\Program Files\Java\jdk-21\bin\management.dll
0x00007ffaf25a0000 - 0x00007ffaf25ab000 	C:\Program Files\Java\jdk-21\bin\management_ext.dll
0x00007ffb25ad0000 - 0x00007ffb25ad8000 	C:\Windows\System32\PSAPI.DLL
0x00007ffb23090000 - 0x00007ffb230ab000 	C:\Windows\SYSTEM32\CRYPTSP.dll
0x00007ffb22900000 - 0x00007ffb22935000 	C:\Windows\system32\rsaenh.dll
0x00007ffb22f30000 - 0x00007ffb22f5c000 	C:\Windows\SYSTEM32\USERENV.dll
0x00007ffb230b0000 - 0x00007ffb230bc000 	C:\Windows\SYSTEM32\CRYPTBASE.dll
0x00007ffb223c0000 - 0x00007ffb223ed000 	C:\Windows\SYSTEM32\IPHLPAPI.DLL
0x00007ffb25820000 - 0x00007ffb25829000 	C:\Windows\System32\NSI.dll
0x00007ffaf07d0000 - 0x00007ffaf07d7000 	C:\Program Files\Java\jdk-21\bin\extnet.dll
0x00007ffaf0a10000 - 0x00007ffaf0a1e000 	C:\Program Files\Java\jdk-21\bin\sunmscapi.dll
0x00007ffb23c40000 - 0x00007ffb23da6000 	C:\Windows\System32\CRYPT32.dll
0x00007ffb23230000 - 0x00007ffb2325e000 	C:\Windows\SYSTEM32\ncrypt.dll
0x00007ffb231f0000 - 0x00007ffb23227000 	C:\Windows\SYSTEM32\NTASN1.dll
0x00007ffb19660000 - 0x00007ffb19668000 	C:\Windows\system32\wshunix.dll
0x00007ffafb870000 - 0x00007ffafb887000 	C:\Windows\system32\napinsp.dll
0x00007ffafb540000 - 0x00007ffafb55b000 	C:\Windows\system32\pnrpnsp.dll
0x00007ffb22400000 - 0x00007ffb224f9000 	C:\Windows\SYSTEM32\DNSAPI.dll
0x00007ffafb4d0000 - 0x00007ffafb4e1000 	C:\Windows\System32\winrnr.dll
0x00007ffaf9210000 - 0x00007ffaf9225000 	C:\Windows\system32\wshbth.dll
0x00007ffaf91e0000 - 0x00007ffaf9201000 	C:\Windows\system32\nlansp_c.dll
0x00007ffb1a0a0000 - 0x00007ffb1a0aa000 	C:\Windows\System32\rasadhlp.dll
0x00007ffb1a1a0000 - 0x00007ffb1a223000 	C:\Windows\System32\fwpuclnt.dll

dbghelp: loaded successfully - version: 4.0.5 - missing functions: none
symbol engine: initialized successfully - sym options: 0x614 - pdb path: .;C:\Program Files\Java\jdk-21\bin;C:\Windows\SYSTEM32;C:\Windows\WinSxS\amd64_microsoft.windows.common-controls_6595b64144ccf1df_6.0.22621.2506_none_270c5ae97388e100;C:\Program Files\Java\jdk-21\bin\server;C:\Users\yashv\.gradle\native\68d5fa5c4cc2d200863cafc0d521ce42e7d3e7ee720ec0a83991735586a16f82\windows-amd64;C:\Users\yashv\.gradle\native\e376f236ea51e6404a007f0833ffe2c6e607c4080706a723a18a27aeea778392\windows-amd64

VM Arguments:
jvm_args: -XX:MaxMetaspaceSize=512m --add-opens=java.base/java.util=ALL-UNNAMED --add-opens=java.base/java.lang=ALL-UNNAMED --add-opens=java.base/java.lang.invoke=ALL-UNNAMED --add-opens=java.prefs/java.util.prefs=ALL-UNNAMED --add-opens=java.base/java.nio.charset=ALL-UNNAMED --add-opens=java.base/java.net=ALL-UNNAMED --add-opens=java.base/java.util.concurrent.atomic=ALL-UNNAMED -Xmx2048m -Dfile.encoding=UTF-8 -Duser.country=US -Duser.language=en -Duser.variant -javaagent:C:\Users\yashv\.gradle\wrapper\dists\gradle-8.3-all\6en3ugtfdg5xnpx44z4qbwgas\gradle-8.3\lib\agents\gradle-instrumentation-agent-8.3.jar 
java_command: org.gradle.launcher.daemon.bootstrap.GradleDaemon 8.3
java_class_path (initial): C:\Users\yashv\.gradle\wrapper\dists\gradle-8.3-all\6en3ugtfdg5xnpx44z4qbwgas\gradle-8.3\lib\gradle-launcher-8.3.jar
Launcher Type: SUN_STANDARD

[Global flags]
     intx CICompilerCount                          = 4                                         {product} {ergonomic}
   size_t CompressedClassSpaceSize                 = 436207616                                 {product} {ergonomic}
     uint ConcGCThreads                            = 3                                         {product} {ergonomic}
     uint G1ConcRefinementThreads                  = 10                                        {product} {ergonomic}
   size_t G1HeapRegionSize                         = 1048576                                   {product} {ergonomic}
    uintx GCDrainStackTargetSize                   = 64                                        {product} {ergonomic}
   size_t InitialHeapSize                          = 130023424                                 {product} {ergonomic}
   size_t MarkStackSize                            = 4194304                                   {product} {ergonomic}
   size_t MaxHeapSize                              = 2147483648                                {product} {command line}
   size_t MaxMetaspaceSize                         = 536870912                                 {product} {command line}
   size_t MaxNewSize                               = 1287651328                                {product} {ergonomic}
   size_t MinHeapDeltaBytes                        = 1048576                                   {product} {ergonomic}
   size_t MinHeapSize                              = 8388608                                   {product} {ergonomic}
    uintx NonNMethodCodeHeapSize                   = 5839372                                {pd product} {ergonomic}
    uintx NonProfiledCodeHeapSize                  = 122909434                              {pd product} {ergonomic}
    uintx ProfiledCodeHeapSize                     = 122909434                              {pd product} {ergonomic}
    uintx ReservedCodeCacheSize                    = 251658240                              {pd product} {ergonomic}
     bool SegmentedCodeCache                       = true                                      {product} {ergonomic}
   size_t SoftMaxHeapSize                          = 2147483648                             {manageable} {ergonomic}
     bool UseCompressedOops                        = true                           {product lp64_product} {ergonomic}
     bool UseG1GC                                  = true                                      {product} {ergonomic}
     bool UseLargePagesIndividualAllocation        = false                                  {pd product} {ergonomic}

Logging:
Log output configuration:
 #0: stdout all=warning uptime,level,tags foldmultilines=false
 #1: stderr all=off uptime,level,tags foldmultilines=false

Environment Variables:
CLASSPATH=C:\Voume D\Code\App_test\android\\gradle\wrapper\gradle-wrapper.jar
PATH=C:\Voume D\Code\App_test\node_modules\.bin;C:\Voume D\Code\App_test\node_modules\.bin;C:\Voume D\Code\node_modules\.bin;C:\Voume D\node_modules\.bin;C:\node_modules\.bin;C:\Users\yashv\AppData\Roaming\npm\node_modules\npm\node_modules\@npmcli\run-script\lib\node-gyp-bin;C:\Voume D\Code\App_test\node_modules\.bin;C:\Voume D\Code\node_modules\.bin;C:\Voume D\node_modules\.bin;C:\node_modules\.bin;C:\Users\yashv\AppData\Roaming\npm\node_modules\npm\node_modules\@npmcli\run-script\lib\node-gyp-bin;C:\Program Files\Common Files\Oracle\Java\javapath;C:\Windows\system32;C:\Windows;C:\Windows\System32\Wbem;C:\Windows\System32\WindowsPowerShell\v1.0\;C:\Windows\System32\OpenSSH\;C:\Program Files (x86)\NVIDIA Corporation\PhysX\Common;C:\Program Files\NVIDIA Corporation\NVIDIA NvDLISR;C:\Program Files\Git\cmd;C:\Users\yashv\AppData\Roaming\nvm;C:\Program Files\nodejs;C:\Program Files\nodejs\;C:\Program Files\dotnet\;C:\Users\yashv\AppData\Local\Android\Sdk\platform-tools;C:\Users\yashv\AppData\Local\Programs\Python\Python310\Scripts\;C:\Users\yashv\AppData\Local\Programs\Python\Python310\;C:\Users\yashv\AppData\Local\Programs\Python\Launcher\;C:\Users\yashv\AppData\Local\Microsoft\WindowsApps;C:\Users\yashv\AppData\Local\Programs\Microsoft VS Code\bin;C:\Users\yashv\AppData\Roaming\nvm;C:\Program Files\nodejs;C:\Program Files\nodejs;C:\Users\yashv\AppData\Roaming\npm
USERNAME=yashv
LANG=en_US.UTF-8
OS=Windows_NT
PROCESSOR_IDENTIFIER=Intel64 Family 6 Model 141 Stepping 1, GenuineIntel
TMP=C:\Users\yashv\AppData\Local\Temp
TEMP=C:\Users\yashv\AppData\Local\Temp




Periodic native trim disabled

---------------  S Y S T E M  ---------------

OS:
 Windows 11 , 64 bit Build 22621 (10.0.22621.3085)
OS uptime: 7 days 17:54 hours
Hyper-V role detected

CPU: total 12 (initial active 12) (6 cores per cpu, 2 threads per core) family 6 model 141 stepping 1 microcode 0x34, cx8, cmov, fxsr, ht, mmx, 3dnowpref, sse, sse2, sse3, ssse3, sse4.1, sse4.2, popcnt, lzcnt, tsc, tscinvbit, avx, avx2, aes, erms, clmul, bmi1, bmi2, adx, avx512f, avx512dq, avx512cd, avx512bw, avx512vl, sha, fma, vzeroupper, avx512_vpopcntdq, avx512_vpclmulqdq, avx512_vaes, avx512_vnni, clflush, clflushopt, clwb, avx512_vbmi2, avx512_vbmi, hv, rdtscp, rdpid, fsrm, gfni, avx512_bitalg, f16c, cet_ibt, cet_ss, avx512_ifma
Processor Information for all 12 processors :
  Max Mhz: 2611, Current Mhz: 2611, Mhz Limit: 2611

Memory: 4k page, system-wide physical 7914M (303M free)
TotalPageFile size 32490M (AvailPageFile size 0M)
current process WorkingSet (physical memory assigned to process): 404M, peak: 428M
current process commit charge ("private bytes"): 501M, peak: 501M

vm_info: Java HotSpot(TM) 64-Bit Server VM (21.0.1+12-LTS-29) for windows-amd64 JRE (21.0.1+12-LTS-29), built on 2023-10-05T13:27:09Z by "mach5one" with MS VC++ 17.1 (VS2022)

END.
